06/25/2018 20:36:08 PM - INFO - 爬取typeID<29>总页数<812>
06/25/2018 20:36:08 PM - INFO - 正在爬取列表页第<0>页
06/25/2018 20:36:08 PM - INFO - 正在爬取详情页<http://www.cnvd.org.cn/flaw/show/CNVD-2018-11969>
06/25/2018 20:36:08 PM - INFO - 正在爬取详情页<http://www.cnvd.org.cn/flaw/show/CNVD-2018-11991>
06/25/2018 20:36:08 PM - INFO - 正在爬取详情页<http://www.cnvd.org.cn/flaw/show/CNVD-2018-11992>
06/25/2018 20:36:08 PM - INFO - 正在爬取详情页<http://www.cnvd.org.cn/flaw/show/CNVD-2018-11993>
06/25/2018 20:36:08 PM - INFO - 正在爬取详情页<http://www.cnvd.org.cn/flaw/show/CNVD-2018-10248>
06/25/2018 20:36:08 PM - INFO - 正在爬取详情页<http://www.cnvd.org.cn/flaw/show/CNVD-2018-10247>
06/25/2018 20:36:08 PM - INFO - 正在爬取详情页<http://www.cnvd.org.cn/flaw/show/CNVD-2018-09537>
06/25/2018 20:36:08 PM - INFO - 正在爬取详情页<http://www.cnvd.org.cn/flaw/show/CNVD-2018-09538>
06/25/2018 20:36:08 PM - INFO - 正在爬取详情页<http://www.cnvd.org.cn/flaw/show/CNVD-2018-09536>
06/25/2018 20:36:08 PM - INFO - 正在爬取详情页<http://www.cnvd.org.cn/flaw/show/CNVD-2018-09535>
06/25/2018 20:36:08 PM - INFO - 正在爬取详情页<http://www.cnvd.org.cn/flaw/show/CNVD-2018-09459>
06/25/2018 20:36:08 PM - INFO - 正在爬取详情页<http://www.cnvd.org.cn/flaw/show/CNVD-2018-10071>
06/25/2018 20:36:08 PM - INFO - 正在爬取详情页<http://www.cnvd.org.cn/flaw/show/CNVD-2018-10070>
06/25/2018 20:36:08 PM - INFO - 正在爬取详情页<http://www.cnvd.org.cn/flaw/show/CNVD-2018-09982>
06/25/2018 20:36:09 PM - INFO - 正在爬取详情页<http://www.cnvd.org.cn/flaw/show/CNVD-2018-11913>
06/25/2018 20:36:09 PM - INFO - 正在爬取详情页<http://www.cnvd.org.cn/flaw/show/CNVD-2018-09534>
06/25/2018 20:36:09 PM - INFO - 正在爬取详情页<http://www.cnvd.org.cn/flaw/show/CNVD-2018-09526>
06/25/2018 20:36:09 PM - INFO - 正在爬取详情页<http://www.cnvd.org.cn/flaw/show/CNVD-2018-09527>
06/25/2018 20:36:09 PM - INFO - 正在爬取详情页<http://www.cnvd.org.cn/flaw/show/CNVD-2018-09522>
06/25/2018 20:36:09 PM - INFO - 正在爬取详情页<http://www.cnvd.org.cn/flaw/show/CNVD-2018-09523>
06/25/2018 20:36:10 PM - INFO - [<MySQLConnectionPool name='local', size='<boundary=48, max=48, current=0, free=0>'>] Connect to connection pool
06/25/2018 20:36:10 PM - INFO - [<MySQLConnectionPool name='local', size='<boundary=48, max=48, current=0, free=0>'>] Connect to connection pool
06/25/2018 20:36:10 PM - INFO - [<MySQLConnectionPool name='local', size='<boundary=48, max=48, current=0, free=0>'>] Connect to connection pool
06/25/2018 20:36:10 PM - INFO - [<MySQLConnectionPool name='local', size='<boundary=48, max=48, current=0, free=0>'>] Connect to connection pool
06/25/2018 20:36:10 PM - INFO - [<MySQLConnectionPool name='local', size='<boundary=48, max=48, current=0, free=0>'>] Connect to connection pool
06/25/2018 20:36:10 PM - INFO - [<MySQLConnectionPool name='local', size='<boundary=48, max=48, current=1, free=1>'>] Close connection pool
06/25/2018 20:36:10 PM - INFO - [<MySQLConnectionPool name='local', size='<boundary=48, max=48, current=1, free=1>'>] Close connection pool
06/25/2018 20:36:10 PM - INFO - [<MySQLConnectionPool name='local', size='<boundary=48, max=48, current=2, free=2>'>] Close connection pool
06/25/2018 20:36:10 PM - INFO - [<MySQLConnectionPool name='local', size='<boundary=48, max=48, current=2, free=2>'>] Close connection pool
06/25/2018 20:36:10 PM - INFO - 正在爬取列表页第<1>页
06/25/2018 20:36:10 PM - INFO - 正在爬取详情页<http://www.cnvd.org.cn/flaw/show/CNVD-2018-09524>
06/25/2018 20:36:10 PM - INFO - 正在爬取详情页<http://www.cnvd.org.cn/flaw/show/CNVD-2018-09525>
06/25/2018 20:36:10 PM - INFO - 正在爬取详情页<http://www.cnvd.org.cn/flaw/show/CNVD-2018-11822>
06/25/2018 20:36:10 PM - INFO - 正在爬取详情页<http://www.cnvd.org.cn/flaw/show/CNVD-2018-11848>
06/25/2018 20:36:11 PM - INFO - 正在爬取详情页<http://www.cnvd.org.cn/flaw/show/CNVD-2018-11843>
06/25/2018 20:36:11 PM - INFO - 正在爬取详情页<http://www.cnvd.org.cn/flaw/show/CNVD-2018-11812>
06/25/2018 20:36:11 PM - INFO - 正在爬取详情页<http://www.cnvd.org.cn/flaw/show/CNVD-2018-09546>
06/25/2018 20:36:11 PM - INFO - 正在爬取详情页<http://www.cnvd.org.cn/flaw/show/CNVD-2018-11713>
06/25/2018 20:36:11 PM - INFO - 正在爬取详情页<http://www.cnvd.org.cn/flaw/show/CNVD-2018-11715>
06/25/2018 20:36:11 PM - INFO - 正在爬取详情页<http://www.cnvd.org.cn/flaw/show/CNVD-2018-11719>
06/25/2018 20:36:11 PM - INFO - 正在爬取详情页<http://www.cnvd.org.cn/flaw/show/CNVD-2018-11635>
06/25/2018 20:36:11 PM - INFO - 正在爬取详情页<http://www.cnvd.org.cn/flaw/show/CNVD-2018-11710>
06/25/2018 20:36:11 PM - INFO - 正在爬取详情页<http://www.cnvd.org.cn/flaw/show/CNVD-2018-11709>
06/25/2018 20:36:11 PM - INFO - 正在爬取详情页<http://www.cnvd.org.cn/flaw/show/CNVD-2018-09532>
06/25/2018 20:36:11 PM - INFO - 正在爬取详情页<http://www.cnvd.org.cn/flaw/show/CNVD-2018-09458>
06/25/2018 20:36:11 PM - INFO - 正在爬取详情页<http://www.cnvd.org.cn/flaw/show/CNVD-2018-09530>
06/25/2018 20:36:11 PM - INFO - 正在爬取详情页<http://www.cnvd.org.cn/flaw/show/CNVD-2018-09528>
06/25/2018 20:36:11 PM - INFO - 正在爬取详情页<http://www.cnvd.org.cn/flaw/show/CNVD-2018-09515>
06/25/2018 20:36:11 PM - INFO - 正在爬取详情页<http://www.cnvd.org.cn/flaw/show/CNVD-2018-09516>
06/25/2018 20:36:11 PM - INFO - 正在爬取详情页<http://www.cnvd.org.cn/flaw/show/CNVD-2018-09517>
06/25/2018 20:36:12 PM - INFO - 正在爬取列表页第<2>页
06/25/2018 20:36:12 PM - INFO - 正在爬取详情页<http://www.cnvd.org.cn/flaw/show/CNVD-2018-09508>
06/25/2018 20:36:12 PM - INFO - 正在爬取详情页<http://www.cnvd.org.cn/flaw/show/CNVD-2018-09509>
06/25/2018 20:36:12 PM - INFO - 正在爬取详情页<http://www.cnvd.org.cn/flaw/show/CNVD-2018-09510>
06/25/2018 20:36:12 PM - INFO - 正在爬取详情页<http://www.cnvd.org.cn/flaw/show/CNVD-2018-09511>
06/25/2018 20:36:12 PM - INFO - 正在爬取详情页<http://www.cnvd.org.cn/flaw/show/CNVD-2018-09529>
06/25/2018 20:36:12 PM - INFO - 正在爬取详情页<http://www.cnvd.org.cn/flaw/show/CNVD-2018-09512>
06/25/2018 20:36:12 PM - INFO - 正在爬取详情页<http://www.cnvd.org.cn/flaw/show/CNVD-2018-09513>
06/25/2018 20:36:12 PM - INFO - 正在爬取详情页<http://www.cnvd.org.cn/flaw/show/CNVD-2018-09514>
06/25/2018 20:36:12 PM - INFO - 正在爬取详情页<http://www.cnvd.org.cn/flaw/show/CNVD-2018-11557>
06/25/2018 20:36:12 PM - INFO - 正在爬取详情页<http://www.cnvd.org.cn/flaw/show/CNVD-2018-11558>
06/25/2018 20:36:12 PM - INFO - 正在爬取详情页<http://www.cnvd.org.cn/flaw/show/CNVD-2018-11562>
06/25/2018 20:36:12 PM - INFO - 正在爬取详情页<http://www.cnvd.org.cn/flaw/show/CNVD-2018-11563>
06/25/2018 20:36:12 PM - INFO - 正在爬取详情页<http://www.cnvd.org.cn/flaw/show/CNVD-2018-11564>
06/25/2018 20:36:12 PM - INFO - 正在爬取详情页<http://www.cnvd.org.cn/flaw/show/CNVD-2018-11565>
06/25/2018 20:36:12 PM - INFO - 正在爬取详情页<http://www.cnvd.org.cn/flaw/show/CNVD-2018-11569>
06/25/2018 20:36:12 PM - INFO - 正在爬取详情页<http://www.cnvd.org.cn/flaw/show/CNVD-2018-11708>
06/25/2018 20:36:12 PM - INFO - 正在爬取详情页<http://www.cnvd.org.cn/flaw/show/CNVD-2018-11465>
06/25/2018 20:36:12 PM - INFO - 正在爬取详情页<http://www.cnvd.org.cn/flaw/show/CNVD-2018-11461>
06/25/2018 20:36:12 PM - INFO - 正在爬取详情页<http://www.cnvd.org.cn/flaw/show/CNVD-2018-11460>
06/25/2018 20:36:12 PM - INFO - 正在爬取详情页<http://www.cnvd.org.cn/flaw/show/CNVD-2018-11385>
06/25/2018 20:36:18 PM - INFO - 正在爬取列表页第<3>页
06/25/2018 20:36:18 PM - INFO - 正在爬取详情页<http://www.cnvd.org.cn/flaw/show/CNVD-2018-11381>
06/25/2018 20:36:18 PM - INFO - 正在爬取详情页<http://www.cnvd.org.cn/flaw/show/CNVD-2018-11382>
06/25/2018 20:36:18 PM - INFO - 正在爬取详情页<http://www.cnvd.org.cn/flaw/show/CNVD-2018-11383>
06/25/2018 20:36:18 PM - INFO - 正在爬取详情页<http://www.cnvd.org.cn/flaw/show/CNVD-2018-11363>
06/25/2018 20:36:18 PM - INFO - 正在爬取详情页<http://www.cnvd.org.cn/flaw/show/CNVD-2018-11362>
06/25/2018 20:36:18 PM - INFO - 正在爬取详情页<http://www.cnvd.org.cn/flaw/show/CNVD-2018-11358>
06/25/2018 20:36:18 PM - INFO - 正在爬取详情页<http://www.cnvd.org.cn/flaw/show/CNVD-2018-11373>
06/25/2018 20:36:18 PM - INFO - 正在爬取详情页<http://www.cnvd.org.cn/flaw/show/CNVD-2018-11384>
06/25/2018 20:36:18 PM - INFO - 正在爬取详情页<http://www.cnvd.org.cn/flaw/show/CNVD-2018-11246>
06/25/2018 20:36:18 PM - INFO - 正在爬取详情页<http://www.cnvd.org.cn/flaw/show/CNVD-2018-09454>
06/25/2018 20:36:18 PM - INFO - 正在爬取详情页<http://www.cnvd.org.cn/flaw/show/CNVD-2018-09521>
06/25/2018 20:36:18 PM - INFO - 正在爬取详情页<http://www.cnvd.org.cn/flaw/show/CNVD-2018-11253>
06/25/2018 20:36:18 PM - INFO - 正在爬取详情页<http://www.cnvd.org.cn/flaw/show/CNVD-2018-11225>
06/25/2018 20:36:18 PM - INFO - 正在爬取详情页<http://www.cnvd.org.cn/flaw/show/CNVD-2018-11227>
06/25/2018 20:36:18 PM - INFO - 正在爬取详情页<http://www.cnvd.org.cn/flaw/show/CNVD-2018-11228>
06/25/2018 20:36:18 PM - INFO - 正在爬取详情页<http://www.cnvd.org.cn/flaw/show/CNVD-2018-11230>
06/25/2018 20:36:18 PM - INFO - 正在爬取详情页<http://www.cnvd.org.cn/flaw/show/CNVD-2018-09518>
06/25/2018 20:36:18 PM - INFO - 正在爬取详情页<http://www.cnvd.org.cn/flaw/show/CNVD-2018-09519>
06/25/2018 20:36:18 PM - INFO - 正在爬取详情页<http://www.cnvd.org.cn/flaw/show/CNVD-2018-11118>
06/25/2018 20:36:18 PM - INFO - 正在爬取详情页<http://www.cnvd.org.cn/flaw/show/CNVD-2018-11114>
06/25/2018 20:36:19 PM - INFO - 正在爬取列表页第<4>页
06/25/2018 20:36:20 PM - INFO - 正在爬取详情页<http://www.cnvd.org.cn/flaw/show/CNVD-2018-09455>
06/25/2018 20:36:20 PM - INFO - 正在爬取详情页<http://www.cnvd.org.cn/flaw/show/CNVD-2018-11099>
06/25/2018 20:36:20 PM - INFO - 正在爬取详情页<http://www.cnvd.org.cn/flaw/show/CNVD-2018-09450>
06/25/2018 20:36:20 PM - INFO - 正在爬取详情页<http://www.cnvd.org.cn/flaw/show/CNVD-2018-09451>
06/25/2018 20:36:20 PM - INFO - 正在爬取详情页<http://www.cnvd.org.cn/flaw/show/CNVD-2018-09452>
06/25/2018 20:36:20 PM - INFO - 正在爬取详情页<http://www.cnvd.org.cn/flaw/show/CNVD-2018-11033>
06/25/2018 20:36:20 PM - INFO - 正在爬取详情页<http://www.cnvd.org.cn/flaw/show/CNVD-2018-11028>
06/25/2018 20:36:20 PM - INFO - 正在爬取详情页<http://www.cnvd.org.cn/flaw/show/CNVD-2018-11026>
06/25/2018 20:36:20 PM - INFO - 正在爬取详情页<http://www.cnvd.org.cn/flaw/show/CNVD-2018-11027>
06/25/2018 20:36:20 PM - INFO - 正在爬取详情页<http://www.cnvd.org.cn/flaw/show/CNVD-2018-08755>
06/25/2018 20:36:20 PM - INFO - 正在爬取详情页<http://www.cnvd.org.cn/flaw/show/CNVD-2018-08753>
06/25/2018 20:36:20 PM - INFO - 正在爬取详情页<http://www.cnvd.org.cn/flaw/show/CNVD-2018-08754>
06/25/2018 20:36:20 PM - INFO - 正在爬取详情页<http://www.cnvd.org.cn/flaw/show/CNVD-2018-10949>
06/25/2018 20:36:20 PM - INFO - 正在爬取详情页<http://www.cnvd.org.cn/flaw/show/CNVD-2018-10993>
06/25/2018 20:36:20 PM - INFO - 正在爬取详情页<http://www.cnvd.org.cn/flaw/show/CNVD-2018-10894>
06/25/2018 20:36:20 PM - INFO - 正在爬取详情页<http://www.cnvd.org.cn/flaw/show/CNVD-2018-10895>
06/25/2018 20:36:20 PM - INFO - 正在爬取详情页<http://www.cnvd.org.cn/flaw/show/CNVD-2018-10864>
06/25/2018 20:36:20 PM - INFO - 正在爬取详情页<http://www.cnvd.org.cn/flaw/show/CNVD-2018-10866>
06/25/2018 20:36:20 PM - INFO - 正在爬取详情页<http://www.cnvd.org.cn/flaw/show/CNVD-2018-10861>
06/25/2018 20:36:20 PM - INFO - 正在爬取详情页<http://www.cnvd.org.cn/flaw/show/CNVD-2018-10859>
06/25/2018 20:36:25 PM - INFO - 正在爬取列表页第<5>页
06/25/2018 20:36:25 PM - INFO - 正在爬取详情页<http://www.cnvd.org.cn/flaw/show/CNVD-2018-10860>
06/25/2018 20:36:25 PM - INFO - 正在爬取详情页<http://www.cnvd.org.cn/flaw/show/CNVD-2018-10854>
06/25/2018 20:36:25 PM - INFO - 正在爬取详情页<http://www.cnvd.org.cn/flaw/show/CNVD-2018-10851>
06/25/2018 20:36:25 PM - INFO - 正在爬取详情页<http://www.cnvd.org.cn/flaw/show/CNVD-2018-08752>
06/25/2018 20:36:25 PM - INFO - 正在爬取详情页<http://www.cnvd.org.cn/flaw/show/CNVD-2018-08746>
06/25/2018 20:36:25 PM - INFO - 正在爬取详情页<http://www.cnvd.org.cn/flaw/show/CNVD-2018-08747>
06/25/2018 20:36:25 PM - INFO - 正在爬取详情页<http://www.cnvd.org.cn/flaw/show/CNVD-2018-08431>
06/25/2018 20:36:25 PM - INFO - 正在爬取详情页<http://www.cnvd.org.cn/flaw/show/CNVD-2018-08749>
06/25/2018 20:36:25 PM - INFO - 正在爬取详情页<http://www.cnvd.org.cn/flaw/show/CNVD-2018-08399>
06/25/2018 20:36:25 PM - INFO - 正在爬取详情页<http://www.cnvd.org.cn/flaw/show/CNVD-2018-08433>
06/25/2018 20:36:25 PM - INFO - 正在爬取详情页<http://www.cnvd.org.cn/flaw/show/CNVD-2018-08421>
06/25/2018 20:36:25 PM - INFO - 正在爬取详情页<http://www.cnvd.org.cn/flaw/show/CNVD-2018-08412>
06/25/2018 20:36:25 PM - INFO - 正在爬取详情页<http://www.cnvd.org.cn/flaw/show/CNVD-2018-08411>
06/25/2018 20:36:26 PM - INFO - 正在爬取详情页<http://www.cnvd.org.cn/flaw/show/CNVD-2018-10800>
06/25/2018 20:36:26 PM - INFO - 正在爬取详情页<http://www.cnvd.org.cn/flaw/show/CNVD-2018-08102>
06/25/2018 20:36:26 PM - INFO - 正在爬取详情页<http://www.cnvd.org.cn/flaw/show/CNVD-2018-08103>
06/25/2018 20:36:26 PM - INFO - 正在爬取详情页<http://www.cnvd.org.cn/flaw/show/CNVD-2018-08104>
06/25/2018 20:36:26 PM - INFO - 正在爬取详情页<http://www.cnvd.org.cn/flaw/show/CNVD-2018-08398>
06/25/2018 20:36:26 PM - INFO - 正在爬取详情页<http://www.cnvd.org.cn/flaw/show/CNVD-2018-08394>
06/25/2018 20:36:26 PM - INFO - 正在爬取详情页<http://www.cnvd.org.cn/flaw/show/CNVD-2018-08395>
06/25/2018 20:36:31 PM - INFO - 正在爬取列表页第<6>页
06/25/2018 20:36:31 PM - INFO - 正在爬取详情页<http://www.cnvd.org.cn/flaw/show/CNVD-2018-08396>
06/25/2018 20:36:31 PM - INFO - 正在爬取详情页<http://www.cnvd.org.cn/flaw/show/CNVD-2018-08397>
06/25/2018 20:36:31 PM - INFO - 正在爬取详情页<http://www.cnvd.org.cn/flaw/show/CNVD-2018-08390>
06/25/2018 20:36:31 PM - INFO - 正在爬取详情页<http://www.cnvd.org.cn/flaw/show/CNVD-2018-08387>
06/25/2018 20:36:31 PM - INFO - 正在爬取详情页<http://www.cnvd.org.cn/flaw/show/CNVD-2018-10677>
06/25/2018 20:36:31 PM - INFO - 正在爬取详情页<http://www.cnvd.org.cn/flaw/show/CNVD-2018-10678>
06/25/2018 20:36:31 PM - INFO - 正在爬取详情页<http://www.cnvd.org.cn/flaw/show/CNVD-2018-10658>
06/25/2018 20:36:31 PM - INFO - 正在爬取详情页<http://www.cnvd.org.cn/flaw/show/CNVD-2018-10711>
06/25/2018 20:36:31 PM - INFO - 正在爬取详情页<http://www.cnvd.org.cn/flaw/show/CNVD-2018-10723>
06/25/2018 20:36:31 PM - INFO - 正在爬取详情页<http://www.cnvd.org.cn/flaw/show/CNVD-2018-10720>
06/25/2018 20:36:31 PM - INFO - 正在爬取详情页<http://www.cnvd.org.cn/flaw/show/CNVD-2018-10725>
06/25/2018 20:36:31 PM - INFO - 正在爬取详情页<http://www.cnvd.org.cn/flaw/show/CNVD-2018-08391>
06/25/2018 20:36:31 PM - INFO - 正在爬取详情页<http://www.cnvd.org.cn/flaw/show/CNVD-2018-08389>
06/25/2018 20:36:31 PM - INFO - 正在爬取详情页<http://www.cnvd.org.cn/flaw/show/CNVD-2018-08177>
06/25/2018 20:36:31 PM - INFO - 正在爬取详情页<http://www.cnvd.org.cn/flaw/show/CNVD-2018-07857>
06/25/2018 20:36:31 PM - INFO - 正在爬取详情页<http://www.cnvd.org.cn/flaw/show/CNVD-2018-10604>
06/25/2018 20:36:31 PM - INFO - 正在爬取详情页<http://www.cnvd.org.cn/flaw/show/CNVD-2018-10576>
06/25/2018 20:36:31 PM - INFO - 正在爬取详情页<http://www.cnvd.org.cn/flaw/show/CNVD-2018-10644>
06/25/2018 20:36:31 PM - INFO - 正在爬取详情页<http://www.cnvd.org.cn/flaw/show/CNVD-2018-10645>
06/25/2018 20:36:31 PM - INFO - 正在爬取详情页<http://www.cnvd.org.cn/flaw/show/CNVD-2018-10646>
06/25/2018 20:36:42 PM - INFO - 正在爬取列表页第<7>页
06/25/2018 20:36:43 PM - INFO - 正在爬取详情页<http://www.cnvd.org.cn/flaw/show/CNVD-2018-10647>
06/25/2018 20:36:43 PM - INFO - 正在爬取详情页<http://www.cnvd.org.cn/flaw/show/CNVD-2018-10648>
06/25/2018 20:36:43 PM - INFO - 正在爬取详情页<http://www.cnvd.org.cn/flaw/show/CNVD-2018-10649>
06/25/2018 20:36:43 PM - INFO - 正在爬取详情页<http://www.cnvd.org.cn/flaw/show/CNVD-2018-10650>
06/25/2018 20:36:43 PM - INFO - 正在爬取详情页<http://www.cnvd.org.cn/flaw/show/CNVD-2018-10651>
06/25/2018 20:36:43 PM - INFO - 正在爬取详情页<http://www.cnvd.org.cn/flaw/show/CNVD-2018-10546>
06/25/2018 20:36:43 PM - INFO - 正在爬取详情页<http://www.cnvd.org.cn/flaw/show/CNVD-2018-10605>
06/25/2018 20:36:43 PM - INFO - 正在爬取详情页<http://www.cnvd.org.cn/flaw/show/CNVD-2018-10606>
06/25/2018 20:36:43 PM - INFO - 正在爬取详情页<http://www.cnvd.org.cn/flaw/show/CNVD-2018-10603>
06/25/2018 20:36:43 PM - INFO - 正在爬取详情页<http://www.cnvd.org.cn/flaw/show/CNVD-2018-10542>
06/25/2018 20:36:43 PM - INFO - 正在爬取详情页<http://www.cnvd.org.cn/flaw/show/CNVD-2018-10594>
06/25/2018 20:36:43 PM - INFO - 正在爬取详情页<http://www.cnvd.org.cn/flaw/show/CNVD-2018-08260>
06/25/2018 20:36:43 PM - INFO - 正在爬取详情页<http://www.cnvd.org.cn/flaw/show/CNVD-2018-10490>
06/25/2018 20:36:43 PM - INFO - 正在爬取详情页<http://www.cnvd.org.cn/flaw/show/CNVD-2018-10491>
06/25/2018 20:36:43 PM - INFO - 正在爬取详情页<http://www.cnvd.org.cn/flaw/show/CNVD-2018-10492>
06/25/2018 20:36:43 PM - INFO - 正在爬取详情页<http://www.cnvd.org.cn/flaw/show/CNVD-2018-10493>
06/25/2018 20:36:43 PM - INFO - 正在爬取详情页<http://www.cnvd.org.cn/flaw/show/CNVD-2018-10476>
06/25/2018 20:36:43 PM - INFO - 正在爬取详情页<http://www.cnvd.org.cn/flaw/show/CNVD-2018-10489>
06/25/2018 20:36:43 PM - INFO - 正在爬取详情页<http://www.cnvd.org.cn/flaw/show/CNVD-2018-08261>
06/25/2018 20:36:43 PM - INFO - 正在爬取详情页<http://www.cnvd.org.cn/flaw/show/CNVD-2018-08262>
06/25/2018 20:36:53 PM - INFO - 正在爬取列表页第<8>页
06/25/2018 20:36:53 PM - INFO - 正在爬取详情页<http://www.cnvd.org.cn/flaw/show/CNVD-2018-10336>
06/25/2018 20:36:53 PM - INFO - 正在爬取详情页<http://www.cnvd.org.cn/flaw/show/CNVD-2018-10335>
06/25/2018 20:36:53 PM - INFO - 正在爬取详情页<http://www.cnvd.org.cn/flaw/show/CNVD-2018-10367>
06/25/2018 20:36:53 PM - INFO - 正在爬取详情页<http://www.cnvd.org.cn/flaw/show/CNVD-2018-10364>
06/25/2018 20:36:53 PM - INFO - 正在爬取详情页<http://www.cnvd.org.cn/flaw/show/CNVD-2018-10360>
06/25/2018 20:36:53 PM - INFO - 正在爬取详情页<http://www.cnvd.org.cn/flaw/show/CNVD-2018-10352>
06/25/2018 20:36:53 PM - INFO - 正在爬取详情页<http://www.cnvd.org.cn/flaw/show/CNVD-2018-10353>
06/25/2018 20:36:53 PM - INFO - 正在爬取详情页<http://www.cnvd.org.cn/flaw/show/CNVD-2018-10355>
06/25/2018 20:36:53 PM - INFO - 正在爬取详情页<http://www.cnvd.org.cn/flaw/show/CNVD-2018-08264>
06/25/2018 20:36:53 PM - INFO - 正在爬取详情页<http://www.cnvd.org.cn/flaw/show/CNVD-2018-08178>
06/25/2018 20:36:53 PM - INFO - 正在爬取详情页<http://www.cnvd.org.cn/flaw/show/CNVD-2018-08173>
06/25/2018 20:36:53 PM - INFO - 正在爬取详情页<http://www.cnvd.org.cn/flaw/show/CNVD-2018-08174>
06/25/2018 20:36:53 PM - INFO - 正在爬取详情页<http://www.cnvd.org.cn/flaw/show/CNVD-2018-08172>
06/25/2018 20:36:53 PM - INFO - 正在爬取详情页<http://www.cnvd.org.cn/flaw/show/CNVD-2018-08171>
06/25/2018 20:36:53 PM - INFO - 正在爬取详情页<http://www.cnvd.org.cn/flaw/show/CNVD-2018-08168>
06/25/2018 20:36:53 PM - INFO - 正在爬取详情页<http://www.cnvd.org.cn/flaw/show/CNVD-2018-08167>
06/25/2018 20:36:53 PM - INFO - 正在爬取详情页<http://www.cnvd.org.cn/flaw/show/CNVD-2018-08161>
06/25/2018 20:36:53 PM - INFO - 正在爬取详情页<http://www.cnvd.org.cn/flaw/show/CNVD-2018-08176>
06/25/2018 20:36:53 PM - INFO - 正在爬取详情页<http://www.cnvd.org.cn/flaw/show/CNVD-2018-08175>
06/25/2018 20:36:53 PM - INFO - 正在爬取详情页<http://www.cnvd.org.cn/flaw/show/CNVD-2018-08265>
06/25/2018 20:36:54 PM - INFO - 正在爬取列表页第<9>页
06/25/2018 20:36:55 PM - INFO - 正在爬取详情页<http://www.cnvd.org.cn/flaw/show/CNVD-2018-10311>
06/25/2018 20:36:55 PM - INFO - 正在爬取详情页<http://www.cnvd.org.cn/flaw/show/CNVD-2018-08159>
06/25/2018 20:36:55 PM - INFO - 正在爬取详情页<http://www.cnvd.org.cn/flaw/show/CNVD-2018-08158>
06/25/2018 20:36:55 PM - INFO - 正在爬取详情页<http://www.cnvd.org.cn/flaw/show/CNVD-2018-08156>
06/25/2018 20:36:55 PM - INFO - 正在爬取详情页<http://www.cnvd.org.cn/flaw/show/CNVD-2018-08155>
06/25/2018 20:36:55 PM - INFO - 正在爬取详情页<http://www.cnvd.org.cn/flaw/show/CNVD-2018-08154>
06/25/2018 20:36:55 PM - INFO - 正在爬取详情页<http://www.cnvd.org.cn/flaw/show/CNVD-2018-10211>
06/25/2018 20:36:55 PM - INFO - 正在爬取详情页<http://www.cnvd.org.cn/flaw/show/CNVD-2018-10429>
06/25/2018 20:36:55 PM - INFO - 正在爬取详情页<http://www.cnvd.org.cn/flaw/show/CNVD-2018-10229>
06/25/2018 20:36:55 PM - INFO - 正在爬取详情页<http://www.cnvd.org.cn/flaw/show/CNVD-2018-08151>
06/25/2018 20:36:55 PM - INFO - 正在爬取详情页<http://www.cnvd.org.cn/flaw/show/CNVD-2018-08152>
06/25/2018 20:36:55 PM - INFO - 正在爬取详情页<http://www.cnvd.org.cn/flaw/show/CNVD-2018-08153>
06/25/2018 20:36:55 PM - INFO - 正在爬取详情页<http://www.cnvd.org.cn/flaw/show/CNVD-2018-08143>
06/25/2018 20:36:55 PM - INFO - 正在爬取详情页<http://www.cnvd.org.cn/flaw/show/CNVD-2018-08144>
06/25/2018 20:36:55 PM - INFO - 正在爬取详情页<http://www.cnvd.org.cn/flaw/show/CNVD-2018-10078>
06/25/2018 20:36:55 PM - INFO - 正在爬取详情页<http://www.cnvd.org.cn/flaw/show/CNVD-2018-10180>
06/25/2018 20:36:55 PM - INFO - 正在爬取详情页<http://www.cnvd.org.cn/flaw/show/CNVD-2018-10146>
06/25/2018 20:36:55 PM - INFO - 正在爬取详情页<http://www.cnvd.org.cn/flaw/show/CNVD-2018-10178>
06/25/2018 20:36:55 PM - INFO - 正在爬取详情页<http://www.cnvd.org.cn/flaw/show/CNVD-2018-10162>
06/25/2018 20:36:55 PM - INFO - 正在爬取详情页<http://www.cnvd.org.cn/flaw/show/CNVD-2018-10164>
06/25/2018 20:37:01 PM - INFO - 正在爬取列表页第<10>页
06/25/2018 20:37:01 PM - INFO - 正在爬取详情页<http://www.cnvd.org.cn/flaw/show/CNVD-2018-10106>
06/25/2018 20:37:01 PM - INFO - 正在爬取详情页<http://www.cnvd.org.cn/flaw/show/CNVD-2018-10173>
06/25/2018 20:37:01 PM - INFO - 正在爬取详情页<http://www.cnvd.org.cn/flaw/show/CNVD-2018-10152>
06/25/2018 20:37:01 PM - INFO - 正在爬取详情页<http://www.cnvd.org.cn/flaw/show/CNVD-2018-07701>
06/25/2018 20:37:01 PM - INFO - 正在爬取详情页<http://www.cnvd.org.cn/flaw/show/CNVD-2018-07704>
06/25/2018 20:37:01 PM - INFO - 正在爬取详情页<http://www.cnvd.org.cn/flaw/show/CNVD-2018-07705>
06/25/2018 20:37:01 PM - INFO - 正在爬取详情页<http://www.cnvd.org.cn/flaw/show/CNVD-2018-07706>
06/25/2018 20:37:01 PM - INFO - 正在爬取详情页<http://www.cnvd.org.cn/flaw/show/CNVD-2018-07812>
06/25/2018 20:37:01 PM - INFO - 正在爬取详情页<http://www.cnvd.org.cn/flaw/show/CNVD-2018-07813>
06/25/2018 20:37:01 PM - INFO - 正在爬取详情页<http://www.cnvd.org.cn/flaw/show/CNVD-2018-07814>
06/25/2018 20:37:01 PM - INFO - 正在爬取详情页<http://www.cnvd.org.cn/flaw/show/CNVD-2018-07815>
06/25/2018 20:37:01 PM - INFO - 正在爬取详情页<http://www.cnvd.org.cn/flaw/show/CNVD-2018-10056>
06/25/2018 20:37:01 PM - INFO - 正在爬取详情页<http://www.cnvd.org.cn/flaw/show/CNVD-2018-07627>
06/25/2018 20:37:01 PM - INFO - 正在爬取详情页<http://www.cnvd.org.cn/flaw/show/CNVD-2018-07626>
06/25/2018 20:37:01 PM - INFO - 正在爬取详情页<http://www.cnvd.org.cn/flaw/show/CNVD-2018-07625>
06/25/2018 20:37:01 PM - INFO - 正在爬取详情页<http://www.cnvd.org.cn/flaw/show/CNVD-2018-07623>
06/25/2018 20:37:01 PM - INFO - 正在爬取详情页<http://www.cnvd.org.cn/flaw/show/CNVD-2018-07550>
06/25/2018 20:37:01 PM - INFO - 正在爬取详情页<http://www.cnvd.org.cn/flaw/show/CNVD-2018-07548>
06/25/2018 20:37:01 PM - INFO - 正在爬取详情页<http://www.cnvd.org.cn/flaw/show/CNVD-2018-07549>
06/25/2018 20:37:01 PM - INFO - 正在爬取详情页<http://www.cnvd.org.cn/flaw/show/CNVD-2018-09794>
06/25/2018 20:37:07 PM - INFO - 正在爬取列表页第<11>页
06/25/2018 20:37:07 PM - INFO - 正在爬取详情页<http://www.cnvd.org.cn/flaw/show/CNVD-2018-09795>
06/25/2018 20:37:07 PM - INFO - 正在爬取详情页<http://www.cnvd.org.cn/flaw/show/CNVD-2018-09798>
06/25/2018 20:37:07 PM - INFO - 正在爬取详情页<http://www.cnvd.org.cn/flaw/show/CNVD-2018-09799>
06/25/2018 20:37:07 PM - INFO - 正在爬取详情页<http://www.cnvd.org.cn/flaw/show/CNVD-2018-09820>
06/25/2018 20:37:07 PM - INFO - 正在爬取详情页<http://www.cnvd.org.cn/flaw/show/CNVD-2018-09822>
06/25/2018 20:37:07 PM - INFO - 正在爬取详情页<http://www.cnvd.org.cn/flaw/show/CNVD-2018-09821>
06/25/2018 20:37:07 PM - INFO - 正在爬取详情页<http://www.cnvd.org.cn/flaw/show/CNVD-2018-09635>
06/25/2018 20:37:07 PM - INFO - 正在爬取详情页<http://www.cnvd.org.cn/flaw/show/CNVD-2018-09686>
06/25/2018 20:37:07 PM - INFO - 正在爬取详情页<http://www.cnvd.org.cn/flaw/show/CNVD-2018-09681>
06/25/2018 20:37:07 PM - INFO - 正在爬取详情页<http://www.cnvd.org.cn/flaw/show/CNVD-2018-09654>
06/25/2018 20:37:07 PM - INFO - 正在爬取详情页<http://www.cnvd.org.cn/flaw/show/CNVD-2018-09653>
06/25/2018 20:37:07 PM - INFO - 正在爬取详情页<http://www.cnvd.org.cn/flaw/show/CNVD-2018-07211>
06/25/2018 20:37:07 PM - INFO - 正在爬取详情页<http://www.cnvd.org.cn/flaw/show/CNVD-2018-07212>
06/25/2018 20:37:07 PM - INFO - 正在爬取详情页<http://www.cnvd.org.cn/flaw/show/CNVD-2018-09595>
06/25/2018 20:37:07 PM - INFO - 正在爬取详情页<http://www.cnvd.org.cn/flaw/show/CNVD-2018-09594>
06/25/2018 20:37:07 PM - INFO - 正在爬取详情页<http://www.cnvd.org.cn/flaw/show/CNVD-2018-09585>
06/25/2018 20:37:07 PM - INFO - 正在爬取详情页<http://www.cnvd.org.cn/flaw/show/CNVD-2018-09581>
06/25/2018 20:37:07 PM - INFO - 正在爬取详情页<http://www.cnvd.org.cn/flaw/show/CNVD-2018-09579>
06/25/2018 20:37:07 PM - INFO - 正在爬取详情页<http://www.cnvd.org.cn/flaw/show/CNVD-2018-07374>
06/25/2018 20:37:07 PM - INFO - 正在爬取详情页<http://www.cnvd.org.cn/flaw/show/CNVD-2018-07373>
06/25/2018 20:37:08 PM - INFO - 正在爬取列表页第<12>页
06/25/2018 20:37:09 PM - INFO - 正在爬取详情页<http://www.cnvd.org.cn/flaw/show/CNVD-2018-07372>
06/25/2018 20:37:09 PM - INFO - 正在爬取详情页<http://www.cnvd.org.cn/flaw/show/CNVD-2018-09471>
06/25/2018 20:37:09 PM - INFO - 正在爬取详情页<http://www.cnvd.org.cn/flaw/show/CNVD-2018-09473>
06/25/2018 20:37:09 PM - INFO - 正在爬取详情页<http://www.cnvd.org.cn/flaw/show/CNVD-2018-07547>
06/25/2018 20:37:09 PM - INFO - 正在爬取详情页<http://www.cnvd.org.cn/flaw/show/CNVD-2018-07220>
06/25/2018 20:37:09 PM - INFO - 正在爬取详情页<http://www.cnvd.org.cn/flaw/show/CNVD-2018-09381>
06/25/2018 20:37:09 PM - INFO - 正在爬取详情页<http://www.cnvd.org.cn/flaw/show/CNVD-2018-09388>
06/25/2018 20:37:09 PM - INFO - 正在爬取详情页<http://www.cnvd.org.cn/flaw/show/CNVD-2018-09387>
06/25/2018 20:37:09 PM - INFO - 正在爬取详情页<http://www.cnvd.org.cn/flaw/show/CNVD-2018-07369>
06/25/2018 20:37:09 PM - INFO - 正在爬取详情页<http://www.cnvd.org.cn/flaw/show/CNVD-2018-07368>
06/25/2018 20:37:09 PM - INFO - 正在爬取详情页<http://www.cnvd.org.cn/flaw/show/CNVD-2018-07360>
06/25/2018 20:37:09 PM - INFO - 正在爬取详情页<http://www.cnvd.org.cn/flaw/show/CNVD-2018-07215>
06/25/2018 20:37:09 PM - INFO - 正在爬取详情页<http://www.cnvd.org.cn/flaw/show/CNVD-2018-07222>
06/25/2018 20:37:09 PM - INFO - 正在爬取详情页<http://www.cnvd.org.cn/flaw/show/CNVD-2018-07218>
06/25/2018 20:37:09 PM - INFO - 正在爬取详情页<http://www.cnvd.org.cn/flaw/show/CNVD-2018-07197>
06/25/2018 20:37:09 PM - INFO - 正在爬取详情页<http://www.cnvd.org.cn/flaw/show/CNVD-2018-07198>
06/25/2018 20:37:09 PM - INFO - 正在爬取详情页<http://www.cnvd.org.cn/flaw/show/CNVD-2018-07199>
06/25/2018 20:37:09 PM - INFO - 正在爬取详情页<http://www.cnvd.org.cn/flaw/show/CNVD-2018-07206>
06/25/2018 20:37:09 PM - INFO - 正在爬取详情页<http://www.cnvd.org.cn/flaw/show/CNVD-2018-07200>
06/25/2018 20:37:09 PM - INFO - 正在爬取详情页<http://www.cnvd.org.cn/flaw/show/CNVD-2018-07217>
06/25/2018 20:37:10 PM - INFO - 正在爬取列表页第<13>页
06/25/2018 20:37:10 PM - INFO - 正在爬取详情页<http://www.cnvd.org.cn/flaw/show/CNVD-2018-07216>
06/25/2018 20:37:10 PM - INFO - 正在爬取详情页<http://www.cnvd.org.cn/flaw/show/CNVD-2018-07219>
06/25/2018 20:37:10 PM - INFO - 正在爬取详情页<http://www.cnvd.org.cn/flaw/show/CNVD-2018-09323>
06/25/2018 20:37:10 PM - INFO - 正在爬取详情页<http://www.cnvd.org.cn/flaw/show/CNVD-2018-09306>
06/25/2018 20:37:10 PM - INFO - 正在爬取详情页<http://www.cnvd.org.cn/flaw/show/CNVD-2018-07207>
06/25/2018 20:37:11 PM - INFO - 正在爬取详情页<http://www.cnvd.org.cn/flaw/show/CNVD-2018-07208>
06/25/2018 20:37:11 PM - INFO - 正在爬取详情页<http://www.cnvd.org.cn/flaw/show/CNVD-2018-07201>
06/25/2018 20:37:11 PM - INFO - 正在爬取详情页<http://www.cnvd.org.cn/flaw/show/CNVD-2018-07202>
06/25/2018 20:37:11 PM - INFO - 正在爬取详情页<http://www.cnvd.org.cn/flaw/show/CNVD-2018-07203>
06/25/2018 20:37:11 PM - INFO - 正在爬取详情页<http://www.cnvd.org.cn/flaw/show/CNVD-2018-07204>
06/25/2018 20:37:11 PM - INFO - 正在爬取详情页<http://www.cnvd.org.cn/flaw/show/CNVD-2018-07205>
06/25/2018 20:37:11 PM - INFO - 正在爬取详情页<http://www.cnvd.org.cn/flaw/show/CNVD-2018-06929>
06/25/2018 20:37:11 PM - INFO - 正在爬取详情页<http://www.cnvd.org.cn/flaw/show/CNVD-2018-09224>
06/25/2018 20:37:11 PM - INFO - 正在爬取详情页<http://www.cnvd.org.cn/flaw/show/CNVD-2018-07209>
06/25/2018 20:37:11 PM - INFO - 正在爬取详情页<http://www.cnvd.org.cn/flaw/show/CNVD-2018-09196>
06/25/2018 20:37:11 PM - INFO - 正在爬取详情页<http://www.cnvd.org.cn/flaw/show/CNVD-2018-09194>
06/25/2018 20:37:11 PM - INFO - 正在爬取详情页<http://www.cnvd.org.cn/flaw/show/CNVD-2018-09149>
06/25/2018 20:37:11 PM - INFO - 正在爬取详情页<http://www.cnvd.org.cn/flaw/show/CNVD-2018-09156>
06/25/2018 20:37:11 PM - INFO - 正在爬取详情页<http://www.cnvd.org.cn/flaw/show/CNVD-2018-09191>
06/25/2018 20:37:11 PM - INFO - 正在爬取详情页<http://www.cnvd.org.cn/flaw/show/CNVD-2018-09236>
06/25/2018 20:37:16 PM - INFO - 正在爬取列表页第<14>页
06/25/2018 20:37:16 PM - INFO - 正在爬取详情页<http://www.cnvd.org.cn/flaw/show/CNVD-2018-09163>
06/25/2018 20:37:16 PM - INFO - 正在爬取详情页<http://www.cnvd.org.cn/flaw/show/CNVD-2018-09162>
06/25/2018 20:37:16 PM - INFO - 正在爬取详情页<http://www.cnvd.org.cn/flaw/show/CNVD-2018-09056>
06/25/2018 20:37:16 PM - INFO - 正在爬取详情页<http://www.cnvd.org.cn/flaw/show/CNVD-2018-09059>
06/25/2018 20:37:16 PM - INFO - 正在爬取详情页<http://www.cnvd.org.cn/flaw/show/CNVD-2018-09058>
06/25/2018 20:37:16 PM - INFO - 正在爬取详情页<http://www.cnvd.org.cn/flaw/show/CNVD-2018-06639>
06/25/2018 20:37:16 PM - INFO - 正在爬取详情页<http://www.cnvd.org.cn/flaw/show/CNVD-2018-06945>
06/25/2018 20:37:16 PM - INFO - 正在爬取详情页<http://www.cnvd.org.cn/flaw/show/CNVD-2018-06944>
06/25/2018 20:37:16 PM - INFO - 正在爬取详情页<http://www.cnvd.org.cn/flaw/show/CNVD-2018-06940>
06/25/2018 20:37:16 PM - INFO - 正在爬取详情页<http://www.cnvd.org.cn/flaw/show/CNVD-2018-06640>
06/25/2018 20:37:16 PM - INFO - 正在爬取详情页<http://www.cnvd.org.cn/flaw/show/CNVD-2018-06636>
06/25/2018 20:37:16 PM - INFO - 正在爬取详情页<http://www.cnvd.org.cn/flaw/show/CNVD-2018-06638>
06/25/2018 20:37:16 PM - INFO - 正在爬取详情页<http://www.cnvd.org.cn/flaw/show/CNVD-2018-08997>
06/25/2018 20:37:16 PM - INFO - 正在爬取详情页<http://www.cnvd.org.cn/flaw/show/CNVD-2018-08986>
06/25/2018 20:37:16 PM - INFO - 正在爬取详情页<http://www.cnvd.org.cn/flaw/show/CNVD-2018-08985>
06/25/2018 20:37:16 PM - INFO - 正在爬取详情页<http://www.cnvd.org.cn/flaw/show/CNVD-2018-08983>
06/25/2018 20:37:16 PM - INFO - 正在爬取详情页<http://www.cnvd.org.cn/flaw/show/CNVD-2018-08984>
06/25/2018 20:37:16 PM - INFO - 正在爬取详情页<http://www.cnvd.org.cn/flaw/show/CNVD-2018-08982>
06/25/2018 20:37:16 PM - INFO - 正在爬取详情页<http://www.cnvd.org.cn/flaw/show/CNVD-2018-08993>
06/25/2018 20:37:16 PM - INFO - 正在爬取详情页<http://www.cnvd.org.cn/flaw/show/CNVD-2018-06637>
06/25/2018 20:37:19 PM - INFO - 正在爬取列表页第<15>页
06/25/2018 20:37:19 PM - INFO - 正在爬取详情页<http://www.cnvd.org.cn/flaw/show/CNVD-2018-06855>
06/25/2018 20:37:19 PM - INFO - 正在爬取详情页<http://www.cnvd.org.cn/flaw/show/CNVD-2018-06939>
06/25/2018 20:37:19 PM - INFO - 正在爬取详情页<http://www.cnvd.org.cn/flaw/show/CNVD-2018-06938>
06/25/2018 20:37:19 PM - INFO - 正在爬取详情页<http://www.cnvd.org.cn/flaw/show/CNVD-2018-06937>
06/25/2018 20:37:20 PM - INFO - 正在爬取详情页<http://www.cnvd.org.cn/flaw/show/CNVD-2018-08942>
06/25/2018 20:37:20 PM - INFO - 正在爬取详情页<http://www.cnvd.org.cn/flaw/show/CNVD-2018-08921>
06/25/2018 20:37:20 PM - INFO - 正在爬取详情页<http://www.cnvd.org.cn/flaw/show/CNVD-2018-08922>
06/25/2018 20:37:20 PM - INFO - 正在爬取详情页<http://www.cnvd.org.cn/flaw/show/CNVD-2018-08920>
06/25/2018 20:37:20 PM - INFO - 正在爬取详情页<http://www.cnvd.org.cn/flaw/show/CNVD-2018-08917>
06/25/2018 20:37:20 PM - INFO - 正在爬取详情页<http://www.cnvd.org.cn/flaw/show/CNVD-2018-08918>
06/25/2018 20:37:20 PM - INFO - 正在爬取详情页<http://www.cnvd.org.cn/flaw/show/CNVD-2018-08893>
06/25/2018 20:37:20 PM - INFO - 正在爬取详情页<http://www.cnvd.org.cn/flaw/show/CNVD-2018-08892>
06/25/2018 20:37:20 PM - INFO - 正在爬取详情页<http://www.cnvd.org.cn/flaw/show/CNVD-2018-08891>
06/25/2018 20:37:20 PM - INFO - 正在爬取详情页<http://www.cnvd.org.cn/flaw/show/CNVD-2018-08890>
06/25/2018 20:37:20 PM - INFO - 正在爬取详情页<http://www.cnvd.org.cn/flaw/show/CNVD-2018-08889>
06/25/2018 20:37:20 PM - INFO - 正在爬取详情页<http://www.cnvd.org.cn/flaw/show/CNVD-2018-08912>
06/25/2018 20:37:20 PM - INFO - 正在爬取详情页<http://www.cnvd.org.cn/flaw/show/CNVD-2018-08949>
06/25/2018 20:37:20 PM - INFO - 正在爬取详情页<http://www.cnvd.org.cn/flaw/show/CNVD-2018-08910>
06/25/2018 20:37:20 PM - INFO - 正在爬取详情页<http://www.cnvd.org.cn/flaw/show/CNVD-2018-08923>
06/25/2018 20:37:20 PM - INFO - 正在爬取详情页<http://www.cnvd.org.cn/flaw/show/CNVD-2018-08925>
06/25/2018 20:37:25 PM - INFO - 正在爬取列表页第<16>页
06/25/2018 20:37:26 PM - INFO - 正在爬取详情页<http://www.cnvd.org.cn/flaw/show/CNVD-2018-08907>
06/25/2018 20:37:26 PM - INFO - 正在爬取详情页<http://www.cnvd.org.cn/flaw/show/CNVD-2018-08879>
06/25/2018 20:37:26 PM - INFO - 正在爬取详情页<http://www.cnvd.org.cn/flaw/show/CNVD-2018-08903>
06/25/2018 20:37:26 PM - INFO - 正在爬取详情页<http://www.cnvd.org.cn/flaw/show/CNVD-2018-08902>
06/25/2018 20:37:26 PM - INFO - 正在爬取详情页<http://www.cnvd.org.cn/flaw/show/CNVD-2018-06936>
06/25/2018 20:37:26 PM - INFO - 正在爬取详情页<http://www.cnvd.org.cn/flaw/show/CNVD-2018-06933>
06/25/2018 20:37:26 PM - INFO - 正在爬取详情页<http://www.cnvd.org.cn/flaw/show/CNVD-2018-08791>
06/25/2018 20:37:26 PM - INFO - 正在爬取详情页<http://www.cnvd.org.cn/flaw/show/CNVD-2018-08780>
06/25/2018 20:37:26 PM - INFO - 正在爬取详情页<http://www.cnvd.org.cn/flaw/show/CNVD-2018-08778>
06/25/2018 20:37:26 PM - INFO - 正在爬取详情页<http://www.cnvd.org.cn/flaw/show/CNVD-2018-08776>
06/25/2018 20:37:26 PM - INFO - 正在爬取详情页<http://www.cnvd.org.cn/flaw/show/CNVD-2018-08779>
06/25/2018 20:37:26 PM - INFO - 正在爬取详情页<http://www.cnvd.org.cn/flaw/show/CNVD-2018-08781>
06/25/2018 20:37:26 PM - INFO - 正在爬取详情页<http://www.cnvd.org.cn/flaw/show/CNVD-2018-08770>
06/25/2018 20:37:26 PM - INFO - 正在爬取详情页<http://www.cnvd.org.cn/flaw/show/CNVD-2018-08771>
06/25/2018 20:37:26 PM - INFO - 正在爬取详情页<http://www.cnvd.org.cn/flaw/show/CNVD-2018-08769>
06/25/2018 20:37:26 PM - INFO - 正在爬取详情页<http://www.cnvd.org.cn/flaw/show/CNVD-2018-08768>
06/25/2018 20:37:26 PM - INFO - 正在爬取详情页<http://www.cnvd.org.cn/flaw/show/CNVD-2018-08767>
06/25/2018 20:37:26 PM - INFO - 正在爬取详情页<http://www.cnvd.org.cn/flaw/show/CNVD-2018-08759>
06/25/2018 20:37:26 PM - INFO - 正在爬取详情页<http://www.cnvd.org.cn/flaw/show/CNVD-2018-08856>
06/25/2018 20:37:26 PM - INFO - 正在爬取详情页<http://www.cnvd.org.cn/flaw/show/CNVD-2018-08863>
06/25/2018 20:37:27 PM - INFO - 正在爬取列表页第<17>页
06/25/2018 20:37:28 PM - INFO - 正在爬取详情页<http://www.cnvd.org.cn/flaw/show/CNVD-2018-08870>
06/25/2018 20:37:28 PM - INFO - 正在爬取详情页<http://www.cnvd.org.cn/flaw/show/CNVD-2018-08869>
06/25/2018 20:37:28 PM - INFO - 正在爬取详情页<http://www.cnvd.org.cn/flaw/show/CNVD-2018-08868>
06/25/2018 20:37:28 PM - INFO - 正在爬取详情页<http://www.cnvd.org.cn/flaw/show/CNVD-2018-08867>
06/25/2018 20:37:28 PM - INFO - 正在爬取详情页<http://www.cnvd.org.cn/flaw/show/CNVD-2018-08866>
06/25/2018 20:37:28 PM - INFO - 正在爬取详情页<http://www.cnvd.org.cn/flaw/show/CNVD-2018-08823>
06/25/2018 20:37:28 PM - INFO - 正在爬取详情页<http://www.cnvd.org.cn/flaw/show/CNVD-2018-08824>
06/25/2018 20:37:28 PM - INFO - 正在爬取详情页<http://www.cnvd.org.cn/flaw/show/CNVD-2018-08806>
06/25/2018 20:37:28 PM - INFO - 正在爬取详情页<http://www.cnvd.org.cn/flaw/show/CNVD-2018-08807>
06/25/2018 20:37:28 PM - INFO - 正在爬取详情页<http://www.cnvd.org.cn/flaw/show/CNVD-2018-08808>
06/25/2018 20:37:28 PM - INFO - 正在爬取详情页<http://www.cnvd.org.cn/flaw/show/CNVD-2018-08816>
06/25/2018 20:37:28 PM - INFO - 正在爬取详情页<http://www.cnvd.org.cn/flaw/show/CNVD-2018-08817>
06/25/2018 20:37:28 PM - INFO - 正在爬取详情页<http://www.cnvd.org.cn/flaw/show/CNVD-2018-06932>
06/25/2018 20:37:28 PM - INFO - 正在爬取详情页<http://www.cnvd.org.cn/flaw/show/CNVD-2018-06931>
06/25/2018 20:37:28 PM - INFO - 正在爬取详情页<http://www.cnvd.org.cn/flaw/show/CNVD-2018-06930>
06/25/2018 20:37:28 PM - INFO - 正在爬取详情页<http://www.cnvd.org.cn/flaw/show/CNVD-2018-06333>
06/25/2018 20:37:28 PM - INFO - 正在爬取详情页<http://www.cnvd.org.cn/flaw/show/CNVD-2018-06334>
06/25/2018 20:37:28 PM - INFO - 正在爬取详情页<http://www.cnvd.org.cn/flaw/show/CNVD-2018-06326>
06/25/2018 20:37:28 PM - INFO - 正在爬取详情页<http://www.cnvd.org.cn/flaw/show/CNVD-2018-06327>
06/25/2018 20:37:28 PM - INFO - 正在爬取详情页<http://www.cnvd.org.cn/flaw/show/CNVD-2018-06404>
06/25/2018 20:37:33 PM - INFO - 正在爬取列表页第<18>页
06/25/2018 20:37:34 PM - INFO - 正在爬取详情页<http://www.cnvd.org.cn/flaw/show/CNVD-2018-08703>
06/25/2018 20:37:34 PM - INFO - 正在爬取详情页<http://www.cnvd.org.cn/flaw/show/CNVD-2018-08701>
06/25/2018 20:37:34 PM - INFO - 正在爬取详情页<http://www.cnvd.org.cn/flaw/show/CNVD-2018-08702>
06/25/2018 20:37:34 PM - INFO - 正在爬取详情页<http://www.cnvd.org.cn/flaw/show/CNVD-2018-08698>
06/25/2018 20:37:34 PM - INFO - 正在爬取详情页<http://www.cnvd.org.cn/flaw/show/CNVD-2018-08697>
06/25/2018 20:37:34 PM - INFO - 正在爬取详情页<http://www.cnvd.org.cn/flaw/show/CNVD-2018-08672>
06/25/2018 20:37:34 PM - INFO - 正在爬取详情页<http://www.cnvd.org.cn/flaw/show/CNVD-2018-08671>
06/25/2018 20:37:34 PM - INFO - 正在爬取详情页<http://www.cnvd.org.cn/flaw/show/CNVD-2018-08670>
06/25/2018 20:37:34 PM - INFO - 正在爬取详情页<http://www.cnvd.org.cn/flaw/show/CNVD-2018-08669>
06/25/2018 20:37:34 PM - INFO - 正在爬取详情页<http://www.cnvd.org.cn/flaw/show/CNVD-2018-08668>
06/25/2018 20:37:34 PM - INFO - 正在爬取详情页<http://www.cnvd.org.cn/flaw/show/CNVD-2018-08680>
06/25/2018 20:37:34 PM - INFO - 正在爬取详情页<http://www.cnvd.org.cn/flaw/show/CNVD-2018-08679>
06/25/2018 20:37:34 PM - INFO - 正在爬取详情页<http://www.cnvd.org.cn/flaw/show/CNVD-2018-08678>
06/25/2018 20:37:34 PM - INFO - 正在爬取详情页<http://www.cnvd.org.cn/flaw/show/CNVD-2018-08675>
06/25/2018 20:37:34 PM - INFO - 正在爬取详情页<http://www.cnvd.org.cn/flaw/show/CNVD-2018-08705>
06/25/2018 20:37:34 PM - INFO - 正在爬取详情页<http://www.cnvd.org.cn/flaw/show/CNVD-2018-06407>
06/25/2018 20:37:34 PM - INFO - 正在爬取详情页<http://www.cnvd.org.cn/flaw/show/CNVD-2018-06319>
06/25/2018 20:37:34 PM - INFO - 正在爬取详情页<http://www.cnvd.org.cn/flaw/show/CNVD-2018-06405>
06/25/2018 20:37:34 PM - INFO - 正在爬取详情页<http://www.cnvd.org.cn/flaw/show/CNVD-2018-06375>
06/25/2018 20:37:34 PM - INFO - 正在爬取详情页<http://www.cnvd.org.cn/flaw/show/CNVD-2018-06318>
06/25/2018 20:37:35 PM - INFO - 正在爬取列表页第<19>页
06/25/2018 20:37:35 PM - INFO - 正在爬取详情页<http://www.cnvd.org.cn/flaw/show/CNVD-2018-06317>
06/25/2018 20:37:35 PM - INFO - 正在爬取详情页<http://www.cnvd.org.cn/flaw/show/CNVD-2018-06295>
06/25/2018 20:37:35 PM - INFO - 正在爬取详情页<http://www.cnvd.org.cn/flaw/show/CNVD-2018-06308>
06/25/2018 20:37:35 PM - INFO - 正在爬取详情页<http://www.cnvd.org.cn/flaw/show/CNVD-2018-06307>
06/25/2018 20:37:35 PM - INFO - 正在爬取详情页<http://www.cnvd.org.cn/flaw/show/CNVD-2018-06297>
06/25/2018 20:37:35 PM - INFO - 正在爬取详情页<http://www.cnvd.org.cn/flaw/show/CNVD-2018-06298>
06/25/2018 20:37:35 PM - INFO - 正在爬取详情页<http://www.cnvd.org.cn/flaw/show/CNVD-2018-06294>
06/25/2018 20:37:35 PM - INFO - 正在爬取详情页<http://www.cnvd.org.cn/flaw/show/CNVD-2018-06150>
06/25/2018 20:37:35 PM - INFO - 正在爬取详情页<http://www.cnvd.org.cn/flaw/show/CNVD-2018-06147>
06/25/2018 20:37:35 PM - INFO - 正在爬取详情页<http://www.cnvd.org.cn/flaw/show/CNVD-2018-06146>
06/25/2018 20:37:35 PM - INFO - 正在爬取详情页<http://www.cnvd.org.cn/flaw/show/CNVD-2018-06144>
06/25/2018 20:37:35 PM - INFO - 正在爬取详情页<http://www.cnvd.org.cn/flaw/show/CNVD-2018-06145>
06/25/2018 20:37:35 PM - INFO - 正在爬取详情页<http://www.cnvd.org.cn/flaw/show/CNVD-2018-06143>
06/25/2018 20:37:35 PM - INFO - 正在爬取详情页<http://www.cnvd.org.cn/flaw/show/CNVD-2018-06142>
06/25/2018 20:37:35 PM - INFO - 正在爬取详情页<http://www.cnvd.org.cn/flaw/show/CNVD-2018-06141>
06/25/2018 20:37:35 PM - INFO - 正在爬取详情页<http://www.cnvd.org.cn/flaw/show/CNVD-2018-06140>
06/25/2018 20:37:35 PM - INFO - 正在爬取详情页<http://www.cnvd.org.cn/flaw/show/CNVD-2018-06125>
06/25/2018 20:37:35 PM - INFO - 正在爬取详情页<http://www.cnvd.org.cn/flaw/show/CNVD-2018-06316>
06/25/2018 20:37:35 PM - INFO - 正在爬取详情页<http://www.cnvd.org.cn/flaw/show/CNVD-2018-08636>
06/25/2018 20:37:35 PM - INFO - 正在爬取详情页<http://www.cnvd.org.cn/flaw/show/CNVD-2018-08639>
06/25/2018 20:37:41 PM - INFO - 正在爬取列表页第<20>页
06/25/2018 20:37:41 PM - INFO - 正在爬取详情页<http://www.cnvd.org.cn/flaw/show/CNVD-2018-08537>
06/25/2018 20:37:41 PM - INFO - 正在爬取详情页<http://www.cnvd.org.cn/flaw/show/CNVD-2018-08541>
06/25/2018 20:37:41 PM - INFO - 正在爬取详情页<http://www.cnvd.org.cn/flaw/show/CNVD-2018-08530>
06/25/2018 20:37:41 PM - INFO - 正在爬取详情页<http://www.cnvd.org.cn/flaw/show/CNVD-2018-08585>
06/25/2018 20:37:41 PM - INFO - 正在爬取详情页<http://www.cnvd.org.cn/flaw/show/CNVD-2018-08584>
06/25/2018 20:37:41 PM - INFO - 正在爬取详情页<http://www.cnvd.org.cn/flaw/show/CNVD-2018-08533>
06/25/2018 20:37:41 PM - INFO - 正在爬取详情页<http://www.cnvd.org.cn/flaw/show/CNVD-2018-08523>
06/25/2018 20:37:41 PM - INFO - 正在爬取详情页<http://www.cnvd.org.cn/flaw/show/CNVD-2018-08546>
06/25/2018 20:37:41 PM - INFO - 正在爬取详情页<http://www.cnvd.org.cn/flaw/show/CNVD-2018-08547>
06/25/2018 20:37:41 PM - INFO - 正在爬取详情页<http://www.cnvd.org.cn/flaw/show/CNVD-2018-08545>
06/25/2018 20:37:41 PM - INFO - 正在爬取详情页<http://www.cnvd.org.cn/flaw/show/CNVD-2018-08556>
06/25/2018 20:37:41 PM - INFO - 正在爬取详情页<http://www.cnvd.org.cn/flaw/show/CNVD-2018-08555>
06/25/2018 20:37:41 PM - INFO - 正在爬取详情页<http://www.cnvd.org.cn/flaw/show/CNVD-2018-08554>
06/25/2018 20:37:41 PM - INFO - 正在爬取详情页<http://www.cnvd.org.cn/flaw/show/CNVD-2018-08567>
06/25/2018 20:37:41 PM - INFO - 正在爬取详情页<http://www.cnvd.org.cn/flaw/show/CNVD-2018-08566>
06/25/2018 20:37:41 PM - INFO - 正在爬取详情页<http://www.cnvd.org.cn/flaw/show/CNVD-2018-08574>
06/25/2018 20:37:41 PM - INFO - 正在爬取详情页<http://www.cnvd.org.cn/flaw/show/CNVD-2018-08573>
06/25/2018 20:37:41 PM - INFO - 正在爬取详情页<http://www.cnvd.org.cn/flaw/show/CNVD-2018-08572>
06/25/2018 20:37:41 PM - INFO - 正在爬取详情页<http://www.cnvd.org.cn/flaw/show/CNVD-2018-08560>
06/25/2018 20:37:41 PM - INFO - 正在爬取详情页<http://www.cnvd.org.cn/flaw/show/CNVD-2018-08561>
06/25/2018 20:37:46 PM - INFO - 正在爬取列表页第<21>页
06/25/2018 20:37:47 PM - INFO - 正在爬取详情页<http://www.cnvd.org.cn/flaw/show/CNVD-2018-08588>
06/25/2018 20:37:47 PM - INFO - 正在爬取详情页<http://www.cnvd.org.cn/flaw/show/CNVD-2018-08549>
06/25/2018 20:37:47 PM - INFO - 正在爬取详情页<http://www.cnvd.org.cn/flaw/show/CNVD-2018-08550>
06/25/2018 20:37:47 PM - INFO - 正在爬取详情页<http://www.cnvd.org.cn/flaw/show/CNVD-2018-08553>
06/25/2018 20:37:47 PM - INFO - 正在爬取详情页<http://www.cnvd.org.cn/flaw/show/CNVD-2018-08609>
06/25/2018 20:37:47 PM - INFO - 正在爬取详情页<http://www.cnvd.org.cn/flaw/show/CNVD-2018-08608>
06/25/2018 20:37:47 PM - INFO - 正在爬取详情页<http://www.cnvd.org.cn/flaw/show/CNVD-2018-08526>
06/25/2018 20:37:47 PM - INFO - 正在爬取详情页<http://www.cnvd.org.cn/flaw/show/CNVD-2018-08524>
06/25/2018 20:37:47 PM - INFO - 正在爬取详情页<http://www.cnvd.org.cn/flaw/show/CNVD-2018-08527>
06/25/2018 20:37:47 PM - INFO - 正在爬取详情页<http://www.cnvd.org.cn/flaw/show/CNVD-2018-06139>
06/25/2018 20:37:47 PM - INFO - 正在爬取详情页<http://www.cnvd.org.cn/flaw/show/CNVD-2018-06124>
06/25/2018 20:37:47 PM - INFO - 正在爬取详情页<http://www.cnvd.org.cn/flaw/show/CNVD-2018-08587>
06/25/2018 20:37:47 PM - INFO - 正在爬取详情页<http://www.cnvd.org.cn/flaw/show/CNVD-2018-08586>
06/25/2018 20:37:47 PM - INFO - 正在爬取详情页<http://www.cnvd.org.cn/flaw/show/CNVD-2018-08413>
06/25/2018 20:37:47 PM - INFO - 正在爬取详情页<http://www.cnvd.org.cn/flaw/show/CNVD-2018-08418>
06/25/2018 20:37:47 PM - INFO - 正在爬取详情页<http://www.cnvd.org.cn/flaw/show/CNVD-2018-08463>
06/25/2018 20:37:47 PM - INFO - 正在爬取详情页<http://www.cnvd.org.cn/flaw/show/CNVD-2018-08476>
06/25/2018 20:37:47 PM - INFO - 正在爬取详情页<http://www.cnvd.org.cn/flaw/show/CNVD-2018-08291>
06/25/2018 20:37:47 PM - INFO - 正在爬取详情页<http://www.cnvd.org.cn/flaw/show/CNVD-2018-08289>
06/25/2018 20:37:47 PM - INFO - 正在爬取详情页<http://www.cnvd.org.cn/flaw/show/CNVD-2018-08288>
06/25/2018 20:37:48 PM - INFO - 正在爬取列表页第<22>页
06/25/2018 20:37:49 PM - INFO - 正在爬取详情页<http://www.cnvd.org.cn/flaw/show/CNVD-2018-08274>
06/25/2018 20:37:49 PM - INFO - 正在爬取详情页<http://www.cnvd.org.cn/flaw/show/CNVD-2018-08290>
06/25/2018 20:37:49 PM - INFO - 正在爬取详情页<http://www.cnvd.org.cn/flaw/show/CNVD-2018-08253>
06/25/2018 20:37:49 PM - INFO - 正在爬取详情页<http://www.cnvd.org.cn/flaw/show/CNVD-2018-08255>
06/25/2018 20:37:49 PM - INFO - 正在爬取详情页<http://www.cnvd.org.cn/flaw/show/CNVD-2018-08254>
06/25/2018 20:37:49 PM - INFO - 正在爬取详情页<http://www.cnvd.org.cn/flaw/show/CNVD-2018-08348>
06/25/2018 20:37:49 PM - INFO - 正在爬取详情页<http://www.cnvd.org.cn/flaw/show/CNVD-2018-08347>
06/25/2018 20:37:49 PM - INFO - 正在爬取详情页<http://www.cnvd.org.cn/flaw/show/CNVD-2018-08337>
06/25/2018 20:37:49 PM - INFO - 正在爬取详情页<http://www.cnvd.org.cn/flaw/show/CNVD-2018-08335>
06/25/2018 20:37:49 PM - INFO - 正在爬取详情页<http://www.cnvd.org.cn/flaw/show/CNVD-2018-08333>
06/25/2018 20:37:49 PM - INFO - 正在爬取详情页<http://www.cnvd.org.cn/flaw/show/CNVD-2018-08332>
06/25/2018 20:37:49 PM - INFO - 正在爬取详情页<http://www.cnvd.org.cn/flaw/show/CNVD-2018-08331>
06/25/2018 20:37:49 PM - INFO - 正在爬取详情页<http://www.cnvd.org.cn/flaw/show/CNVD-2018-08343>
06/25/2018 20:37:49 PM - INFO - 正在爬取详情页<http://www.cnvd.org.cn/flaw/show/CNVD-2018-08322>
06/25/2018 20:37:49 PM - INFO - 正在爬取详情页<http://www.cnvd.org.cn/flaw/show/CNVD-2018-08321>
06/25/2018 20:37:49 PM - INFO - 正在爬取详情页<http://www.cnvd.org.cn/flaw/show/CNVD-2018-05814>
06/25/2018 20:37:49 PM - INFO - 正在爬取详情页<http://www.cnvd.org.cn/flaw/show/CNVD-2018-06128>
06/25/2018 20:37:49 PM - INFO - 正在爬取详情页<http://www.cnvd.org.cn/flaw/show/CNVD-2018-05815>
06/25/2018 20:37:49 PM - INFO - 正在爬取详情页<http://www.cnvd.org.cn/flaw/show/CNVD-2018-05816>
06/25/2018 20:37:49 PM - INFO - 正在爬取详情页<http://www.cnvd.org.cn/flaw/show/CNVD-2018-05818>
06/25/2018 20:37:50 PM - INFO - 正在爬取列表页第<23>页
06/25/2018 20:37:50 PM - INFO - 正在爬取详情页<http://www.cnvd.org.cn/flaw/show/CNVD-2018-06121>
06/25/2018 20:37:50 PM - INFO - 正在爬取详情页<http://www.cnvd.org.cn/flaw/show/CNVD-2018-05817>
06/25/2018 20:37:50 PM - INFO - 正在爬取详情页<http://www.cnvd.org.cn/flaw/show/CNVD-2018-05572>
06/25/2018 20:37:50 PM - INFO - 正在爬取详情页<http://www.cnvd.org.cn/flaw/show/CNVD-2018-08145>
06/25/2018 20:37:50 PM - INFO - 正在爬取详情页<http://www.cnvd.org.cn/flaw/show/CNVD-2018-08092>
06/25/2018 20:37:50 PM - INFO - 正在爬取详情页<http://www.cnvd.org.cn/flaw/show/CNVD-2018-08094>
06/25/2018 20:37:50 PM - INFO - 正在爬取详情页<http://www.cnvd.org.cn/flaw/show/CNVD-2018-08100>
06/25/2018 20:37:50 PM - INFO - 正在爬取详情页<http://www.cnvd.org.cn/flaw/show/CNVD-2018-05805>
06/25/2018 20:37:50 PM - INFO - 正在爬取详情页<http://www.cnvd.org.cn/flaw/show/CNVD-2018-05806>
06/25/2018 20:37:50 PM - INFO - 正在爬取详情页<http://www.cnvd.org.cn/flaw/show/CNVD-2018-05807>
06/25/2018 20:37:50 PM - INFO - 正在爬取详情页<http://www.cnvd.org.cn/flaw/show/CNVD-2018-05813>
06/25/2018 20:37:50 PM - INFO - 正在爬取详情页<http://www.cnvd.org.cn/flaw/show/CNVD-2018-05812>
06/25/2018 20:37:50 PM - INFO - 正在爬取详情页<http://www.cnvd.org.cn/flaw/show/CNVD-2018-05811>
06/25/2018 20:37:50 PM - INFO - 正在爬取详情页<http://www.cnvd.org.cn/flaw/show/CNVD-2018-05808>
06/25/2018 20:37:50 PM - INFO - 正在爬取详情页<http://www.cnvd.org.cn/flaw/show/CNVD-2018-05653>
06/25/2018 20:37:50 PM - INFO - 正在爬取详情页<http://www.cnvd.org.cn/flaw/show/CNVD-2018-05654>
06/25/2018 20:37:50 PM - INFO - 正在爬取详情页<http://www.cnvd.org.cn/flaw/show/CNVD-2018-05655>
06/25/2018 20:37:51 PM - INFO - 正在爬取详情页<http://www.cnvd.org.cn/flaw/show/CNVD-2018-05651>
06/25/2018 20:37:51 PM - INFO - 正在爬取详情页<http://www.cnvd.org.cn/flaw/show/CNVD-2018-05650>
06/25/2018 20:37:51 PM - INFO - 正在爬取详情页<http://www.cnvd.org.cn/flaw/show/CNVD-2018-05567>
06/25/2018 20:37:52 PM - INFO - 正在爬取列表页第<24>页
06/25/2018 20:37:52 PM - INFO - 正在爬取详情页<http://www.cnvd.org.cn/flaw/show/CNVD-2018-05568>
06/25/2018 20:37:52 PM - INFO - 正在爬取详情页<http://www.cnvd.org.cn/flaw/show/CNVD-2018-05569>
06/25/2018 20:37:52 PM - INFO - 正在爬取详情页<http://www.cnvd.org.cn/flaw/show/CNVD-2018-05574>
06/25/2018 20:37:52 PM - INFO - 正在爬取详情页<http://www.cnvd.org.cn/flaw/show/CNVD-2018-05804>
06/25/2018 20:37:52 PM - INFO - 正在爬取详情页<http://www.cnvd.org.cn/flaw/show/CNVD-2018-05803>
06/25/2018 20:37:52 PM - INFO - 正在爬取详情页<http://www.cnvd.org.cn/flaw/show/CNVD-2018-05714>
06/25/2018 20:37:52 PM - INFO - 正在爬取详情页<http://www.cnvd.org.cn/flaw/show/CNVD-2018-05713>
06/25/2018 20:37:52 PM - INFO - 正在爬取详情页<http://www.cnvd.org.cn/flaw/show/CNVD-2018-05802>
06/25/2018 20:37:52 PM - INFO - 正在爬取详情页<http://www.cnvd.org.cn/flaw/show/CNVD-2018-05715>
06/25/2018 20:37:52 PM - INFO - 正在爬取详情页<http://www.cnvd.org.cn/flaw/show/CNVD-2018-05703>
06/25/2018 20:37:52 PM - INFO - 正在爬取详情页<http://www.cnvd.org.cn/flaw/show/CNVD-2018-05704>
06/25/2018 20:37:52 PM - INFO - 正在爬取详情页<http://www.cnvd.org.cn/flaw/show/CNVD-2018-05705>
06/25/2018 20:37:52 PM - INFO - 正在爬取详情页<http://www.cnvd.org.cn/flaw/show/CNVD-2018-05709>
06/25/2018 20:37:52 PM - INFO - 正在爬取详情页<http://www.cnvd.org.cn/flaw/show/CNVD-2018-05706>
06/25/2018 20:37:52 PM - INFO - 正在爬取详情页<http://www.cnvd.org.cn/flaw/show/CNVD-2018-05707>
06/25/2018 20:37:52 PM - INFO - 正在爬取详情页<http://www.cnvd.org.cn/flaw/show/CNVD-2018-05700>
06/25/2018 20:37:52 PM - INFO - 正在爬取详情页<http://www.cnvd.org.cn/flaw/show/CNVD-2018-05701>
06/25/2018 20:37:52 PM - INFO - 正在爬取详情页<http://www.cnvd.org.cn/flaw/show/CNVD-2018-05690>
06/25/2018 20:37:52 PM - INFO - 正在爬取详情页<http://www.cnvd.org.cn/flaw/show/CNVD-2018-05691>
06/25/2018 20:37:52 PM - INFO - 正在爬取详情页<http://www.cnvd.org.cn/flaw/show/CNVD-2018-05688>
06/25/2018 20:37:53 PM - INFO - 正在爬取列表页第<25>页
06/25/2018 20:37:54 PM - INFO - 正在爬取详情页<http://www.cnvd.org.cn/flaw/show/CNVD-2018-05687>
06/25/2018 20:37:54 PM - INFO - 正在爬取详情页<http://www.cnvd.org.cn/flaw/show/CNVD-2018-05191>
06/25/2018 20:37:54 PM - INFO - 正在爬取详情页<http://www.cnvd.org.cn/flaw/show/CNVD-2018-05192>
06/25/2018 20:37:54 PM - INFO - 正在爬取详情页<http://www.cnvd.org.cn/flaw/show/CNVD-2018-07985>
06/25/2018 20:37:54 PM - INFO - 正在爬取详情页<http://www.cnvd.org.cn/flaw/show/CNVD-2018-07986>
06/25/2018 20:37:54 PM - INFO - 正在爬取详情页<http://www.cnvd.org.cn/flaw/show/CNVD-2018-07979>
06/25/2018 20:37:54 PM - INFO - 正在爬取详情页<http://www.cnvd.org.cn/flaw/show/CNVD-2018-07980>
06/25/2018 20:37:54 PM - INFO - 正在爬取详情页<http://www.cnvd.org.cn/flaw/show/CNVD-2018-07981>
06/25/2018 20:37:54 PM - INFO - 正在爬取详情页<http://www.cnvd.org.cn/flaw/show/CNVD-2018-08047>
06/25/2018 20:37:54 PM - INFO - 正在爬取详情页<http://www.cnvd.org.cn/flaw/show/CNVD-2018-08054>
06/25/2018 20:37:54 PM - INFO - 正在爬取详情页<http://www.cnvd.org.cn/flaw/show/CNVD-2018-08053>
06/25/2018 20:37:54 PM - INFO - 正在爬取详情页<http://www.cnvd.org.cn/flaw/show/CNVD-2018-08052>
06/25/2018 20:37:54 PM - INFO - 正在爬取详情页<http://www.cnvd.org.cn/flaw/show/CNVD-2018-08051>
06/25/2018 20:37:54 PM - INFO - 正在爬取详情页<http://www.cnvd.org.cn/flaw/show/CNVD-2018-08050>
06/25/2018 20:37:54 PM - INFO - 正在爬取详情页<http://www.cnvd.org.cn/flaw/show/CNVD-2018-08034>
06/25/2018 20:37:54 PM - INFO - 正在爬取详情页<http://www.cnvd.org.cn/flaw/show/CNVD-2018-08005>
06/25/2018 20:37:54 PM - INFO - 正在爬取详情页<http://www.cnvd.org.cn/flaw/show/CNVD-2018-05193>
06/25/2018 20:37:54 PM - INFO - 正在爬取详情页<http://www.cnvd.org.cn/flaw/show/CNVD-2018-05188>
06/25/2018 20:37:54 PM - INFO - 正在爬取详情页<http://www.cnvd.org.cn/flaw/show/CNVD-2018-05189>
06/25/2018 20:37:54 PM - INFO - 正在爬取详情页<http://www.cnvd.org.cn/flaw/show/CNVD-2018-05190>
06/25/2018 20:37:55 PM - INFO - 正在爬取列表页第<26>页
06/25/2018 20:37:55 PM - INFO - 正在爬取详情页<http://www.cnvd.org.cn/flaw/show/CNVD-2018-05685>
06/25/2018 20:37:55 PM - INFO - 正在爬取详情页<http://www.cnvd.org.cn/flaw/show/CNVD-2018-05672>
06/25/2018 20:37:55 PM - INFO - 正在爬取详情页<http://www.cnvd.org.cn/flaw/show/CNVD-2018-05663>
06/25/2018 20:37:55 PM - INFO - 正在爬取详情页<http://www.cnvd.org.cn/flaw/show/CNVD-2018-05671>
06/25/2018 20:37:55 PM - INFO - 正在爬取详情页<http://www.cnvd.org.cn/flaw/show/CNVD-2018-05664>
06/25/2018 20:37:55 PM - INFO - 正在爬取详情页<http://www.cnvd.org.cn/flaw/show/CNVD-2018-05665>
06/25/2018 20:37:55 PM - INFO - 正在爬取详情页<http://www.cnvd.org.cn/flaw/show/CNVD-2018-05669>
06/25/2018 20:37:55 PM - INFO - 正在爬取详情页<http://www.cnvd.org.cn/flaw/show/CNVD-2018-05666>
06/25/2018 20:37:55 PM - INFO - 正在爬取详情页<http://www.cnvd.org.cn/flaw/show/CNVD-2018-05646>
06/25/2018 20:37:55 PM - INFO - 正在爬取详情页<http://www.cnvd.org.cn/flaw/show/CNVD-2018-05573>
06/25/2018 20:37:55 PM - INFO - 正在爬取详情页<http://www.cnvd.org.cn/flaw/show/CNVD-2018-07954>
06/25/2018 20:37:55 PM - INFO - 正在爬取详情页<http://www.cnvd.org.cn/flaw/show/CNVD-2018-07877>
06/25/2018 20:37:55 PM - INFO - 正在爬取详情页<http://www.cnvd.org.cn/flaw/show/CNVD-2018-07886>
06/25/2018 20:37:55 PM - INFO - 正在爬取详情页<http://www.cnvd.org.cn/flaw/show/CNVD-2018-05648>
06/25/2018 20:37:55 PM - INFO - 正在爬取详情页<http://www.cnvd.org.cn/flaw/show/CNVD-2018-05647>
06/25/2018 20:37:55 PM - INFO - 正在爬取详情页<http://www.cnvd.org.cn/flaw/show/CNVD-2018-05645>
06/25/2018 20:37:55 PM - INFO - 正在爬取详情页<http://www.cnvd.org.cn/flaw/show/CNVD-2018-05571>
06/25/2018 20:37:55 PM - INFO - 正在爬取详情页<http://www.cnvd.org.cn/flaw/show/CNVD-2018-05570>
06/25/2018 20:37:55 PM - INFO - 正在爬取详情页<http://www.cnvd.org.cn/flaw/show/CNVD-2018-04999>
06/25/2018 20:37:55 PM - INFO - 正在爬取详情页<http://www.cnvd.org.cn/flaw/show/CNVD-2018-05000>
06/25/2018 20:37:57 PM - INFO - 正在爬取列表页第<27>页
06/25/2018 20:37:57 PM - INFO - 正在爬取详情页<http://www.cnvd.org.cn/flaw/show/CNVD-2018-05001>
06/25/2018 20:37:57 PM - INFO - 正在爬取详情页<http://www.cnvd.org.cn/flaw/show/CNVD-2018-05169>
06/25/2018 20:37:57 PM - INFO - 正在爬取详情页<http://www.cnvd.org.cn/flaw/show/CNVD-2018-07744>
06/25/2018 20:37:57 PM - INFO - 正在爬取详情页<http://www.cnvd.org.cn/flaw/show/CNVD-2018-07769>
06/25/2018 20:37:57 PM - INFO - 正在爬取详情页<http://www.cnvd.org.cn/flaw/show/CNVD-2018-07768>
06/25/2018 20:37:57 PM - INFO - 正在爬取详情页<http://www.cnvd.org.cn/flaw/show/CNVD-2018-07754>
06/25/2018 20:37:57 PM - INFO - 正在爬取详情页<http://www.cnvd.org.cn/flaw/show/CNVD-2018-07755>
06/25/2018 20:37:57 PM - INFO - 正在爬取详情页<http://www.cnvd.org.cn/flaw/show/CNVD-2018-07756>
06/25/2018 20:37:57 PM - INFO - 正在爬取详情页<http://www.cnvd.org.cn/flaw/show/CNVD-2018-07757>
06/25/2018 20:37:57 PM - INFO - 正在爬取详情页<http://www.cnvd.org.cn/flaw/show/CNVD-2018-05002>
06/25/2018 20:37:57 PM - INFO - 正在爬取详情页<http://www.cnvd.org.cn/flaw/show/CNVD-2018-05003>
06/25/2018 20:37:57 PM - INFO - 正在爬取详情页<http://www.cnvd.org.cn/flaw/show/CNVD-2018-05170>
06/25/2018 20:37:57 PM - INFO - 正在爬取详情页<http://www.cnvd.org.cn/flaw/show/CNVD-2018-07866>
06/25/2018 20:37:57 PM - INFO - 正在爬取详情页<http://www.cnvd.org.cn/flaw/show/CNVD-2018-07717>
06/25/2018 20:37:57 PM - INFO - 正在爬取详情页<http://www.cnvd.org.cn/flaw/show/CNVD-2018-07720>
06/25/2018 20:37:57 PM - INFO - 正在爬取详情页<http://www.cnvd.org.cn/flaw/show/CNVD-2018-07719>
06/25/2018 20:37:57 PM - INFO - 正在爬取详情页<http://www.cnvd.org.cn/flaw/show/CNVD-2018-05004>
06/25/2018 20:37:57 PM - INFO - 正在爬取详情页<http://www.cnvd.org.cn/flaw/show/CNVD-2018-05005>
06/25/2018 20:37:57 PM - INFO - 正在爬取详情页<http://www.cnvd.org.cn/flaw/show/CNVD-2018-05171>
06/25/2018 20:37:57 PM - INFO - 正在爬取详情页<http://www.cnvd.org.cn/flaw/show/CNVD-2018-05165>
06/25/2018 20:37:58 PM - INFO - 正在爬取列表页第<28>页
06/25/2018 20:38:00 PM - INFO - 正在爬取详情页<http://www.cnvd.org.cn/flaw/show/CNVD-2018-05164>
06/25/2018 20:38:00 PM - INFO - 正在爬取详情页<http://www.cnvd.org.cn/flaw/show/CNVD-2018-05161>
06/25/2018 20:38:00 PM - INFO - 正在爬取详情页<http://www.cnvd.org.cn/flaw/show/CNVD-2018-05162>
06/25/2018 20:38:00 PM - INFO - 正在爬取详情页<http://www.cnvd.org.cn/flaw/show/CNVD-2018-05163>
06/25/2018 20:38:00 PM - INFO - 正在爬取详情页<http://www.cnvd.org.cn/flaw/show/CNVD-2018-04506>
06/25/2018 20:38:00 PM - INFO - 正在爬取详情页<http://www.cnvd.org.cn/flaw/show/CNVD-2018-04507>
06/25/2018 20:38:00 PM - INFO - 正在爬取详情页<http://www.cnvd.org.cn/flaw/show/CNVD-2018-04508>
06/25/2018 20:38:00 PM - INFO - 正在爬取详情页<http://www.cnvd.org.cn/flaw/show/CNVD-2018-04906>
06/25/2018 20:38:00 PM - INFO - 正在爬取详情页<http://www.cnvd.org.cn/flaw/show/CNVD-2018-04501>
06/25/2018 20:38:00 PM - INFO - 正在爬取详情页<http://www.cnvd.org.cn/flaw/show/CNVD-2018-04502>
06/25/2018 20:38:00 PM - INFO - 正在爬取详情页<http://www.cnvd.org.cn/flaw/show/CNVD-2018-04503>
06/25/2018 20:38:00 PM - INFO - 正在爬取详情页<http://www.cnvd.org.cn/flaw/show/CNVD-2018-07659>
06/25/2018 20:38:00 PM - INFO - 正在爬取详情页<http://www.cnvd.org.cn/flaw/show/CNVD-2018-07640>
06/25/2018 20:38:00 PM - INFO - 正在爬取详情页<http://www.cnvd.org.cn/flaw/show/CNVD-2018-07656>
06/25/2018 20:38:00 PM - INFO - 正在爬取详情页<http://www.cnvd.org.cn/flaw/show/CNVD-2018-07637>
06/25/2018 20:38:00 PM - INFO - 正在爬取详情页<http://www.cnvd.org.cn/flaw/show/CNVD-2018-07652>
06/25/2018 20:38:00 PM - INFO - 正在爬取详情页<http://www.cnvd.org.cn/flaw/show/CNVD-2018-04895>
06/25/2018 20:38:00 PM - INFO - 正在爬取详情页<http://www.cnvd.org.cn/flaw/show/CNVD-2018-04893>
06/25/2018 20:38:00 PM - INFO - 正在爬取详情页<http://www.cnvd.org.cn/flaw/show/CNVD-2018-04504>
06/25/2018 20:38:00 PM - INFO - 正在爬取详情页<http://www.cnvd.org.cn/flaw/show/CNVD-2018-04505>
06/25/2018 20:38:01 PM - INFO - 正在爬取列表页第<29>页
06/25/2018 20:38:02 PM - INFO - 正在爬取详情页<http://www.cnvd.org.cn/flaw/show/CNVD-2018-04761>
06/25/2018 20:38:02 PM - INFO - 正在爬取详情页<http://www.cnvd.org.cn/flaw/show/CNVD-2018-04760>
06/25/2018 20:38:02 PM - INFO - 正在爬取详情页<http://www.cnvd.org.cn/flaw/show/CNVD-2018-07540>
06/25/2018 20:38:02 PM - INFO - 正在爬取详情页<http://www.cnvd.org.cn/flaw/show/CNVD-2018-07577>
06/25/2018 20:38:02 PM - INFO - 正在爬取详情页<http://www.cnvd.org.cn/flaw/show/CNVD-2018-07582>
06/25/2018 20:38:02 PM - INFO - 正在爬取详情页<http://www.cnvd.org.cn/flaw/show/CNVD-2018-07583>
06/25/2018 20:38:02 PM - INFO - 正在爬取详情页<http://www.cnvd.org.cn/flaw/show/CNVD-2018-07621>
06/25/2018 20:38:02 PM - INFO - 正在爬取详情页<http://www.cnvd.org.cn/flaw/show/CNVD-2018-07620>
06/25/2018 20:38:02 PM - INFO - 正在爬取详情页<http://www.cnvd.org.cn/flaw/show/CNVD-2018-07545>
06/25/2018 20:38:02 PM - INFO - 正在爬取详情页<http://www.cnvd.org.cn/flaw/show/CNVD-2018-07546>
06/25/2018 20:38:02 PM - INFO - 正在爬取详情页<http://www.cnvd.org.cn/flaw/show/CNVD-2018-07558>
06/25/2018 20:38:02 PM - INFO - 正在爬取详情页<http://www.cnvd.org.cn/flaw/show/CNVD-2018-07560>
06/25/2018 20:38:02 PM - INFO - 正在爬取详情页<http://www.cnvd.org.cn/flaw/show/CNVD-2018-07554>
06/25/2018 20:38:02 PM - INFO - 正在爬取详情页<http://www.cnvd.org.cn/flaw/show/CNVD-2018-07561>
06/25/2018 20:38:02 PM - INFO - 正在爬取详情页<http://www.cnvd.org.cn/flaw/show/CNVD-2018-07543>
06/25/2018 20:38:02 PM - INFO - 正在爬取详情页<http://www.cnvd.org.cn/flaw/show/CNVD-2018-07564>
06/25/2018 20:38:02 PM - INFO - 正在爬取详情页<http://www.cnvd.org.cn/flaw/show/CNVD-2018-04758>
06/25/2018 20:38:02 PM - INFO - 正在爬取详情页<http://www.cnvd.org.cn/flaw/show/CNVD-2018-04757>
06/25/2018 20:38:02 PM - INFO - 正在爬取详情页<http://www.cnvd.org.cn/flaw/show/CNVD-2018-04756>
06/25/2018 20:38:02 PM - INFO - 正在爬取详情页<http://www.cnvd.org.cn/flaw/show/CNVD-2018-04755>
06/25/2018 20:38:07 PM - INFO - 正在爬取列表页第<30>页
06/25/2018 20:38:07 PM - INFO - 正在爬取详情页<http://www.cnvd.org.cn/flaw/show/CNVD-2018-04754>
06/25/2018 20:38:07 PM - INFO - 正在爬取详情页<http://www.cnvd.org.cn/flaw/show/CNVD-2018-07424>
06/25/2018 20:38:07 PM - INFO - 正在爬取详情页<http://www.cnvd.org.cn/flaw/show/CNVD-2018-07442>
06/25/2018 20:38:07 PM - INFO - 正在爬取详情页<http://www.cnvd.org.cn/flaw/show/CNVD-2018-07483>
06/25/2018 20:38:07 PM - INFO - 正在爬取详情页<http://www.cnvd.org.cn/flaw/show/CNVD-2018-07487>
06/25/2018 20:38:07 PM - INFO - 正在爬取详情页<http://www.cnvd.org.cn/flaw/show/CNVD-2018-07454>
06/25/2018 20:38:07 PM - INFO - 正在爬取详情页<http://www.cnvd.org.cn/flaw/show/CNVD-2018-07478>
06/25/2018 20:38:07 PM - INFO - 正在爬取详情页<http://www.cnvd.org.cn/flaw/show/CNVD-2018-07474>
06/25/2018 20:38:07 PM - INFO - 正在爬取详情页<http://www.cnvd.org.cn/flaw/show/CNVD-2018-07565>
06/25/2018 20:38:07 PM - INFO - 正在爬取详情页<http://www.cnvd.org.cn/flaw/show/CNVD-2018-04382>
06/25/2018 20:38:07 PM - INFO - 正在爬取详情页<http://www.cnvd.org.cn/flaw/show/CNVD-2018-04301>
06/25/2018 20:38:07 PM - INFO - 正在爬取详情页<http://www.cnvd.org.cn/flaw/show/CNVD-2018-07364>
06/25/2018 20:38:07 PM - INFO - 正在爬取详情页<http://www.cnvd.org.cn/flaw/show/CNVD-2018-07363>
06/25/2018 20:38:07 PM - INFO - 正在爬取详情页<http://www.cnvd.org.cn/flaw/show/CNVD-2018-07347>
06/25/2018 20:38:07 PM - INFO - 正在爬取详情页<http://www.cnvd.org.cn/flaw/show/CNVD-2018-04759>
06/25/2018 20:38:07 PM - INFO - 正在爬取详情页<http://www.cnvd.org.cn/flaw/show/CNVD-2018-04500>
06/25/2018 20:38:07 PM - INFO - 正在爬取详情页<http://www.cnvd.org.cn/flaw/show/CNVD-2018-04498>
06/25/2018 20:38:07 PM - INFO - 正在爬取详情页<http://www.cnvd.org.cn/flaw/show/CNVD-2018-04499>
06/25/2018 20:38:07 PM - INFO - 正在爬取详情页<http://www.cnvd.org.cn/flaw/show/CNVD-2018-04497>
06/25/2018 20:38:07 PM - INFO - 正在爬取详情页<http://www.cnvd.org.cn/flaw/show/CNVD-2018-04496>
06/25/2018 20:38:09 PM - INFO - 正在爬取列表页第<31>页
06/25/2018 20:38:09 PM - INFO - 正在爬取详情页<http://www.cnvd.org.cn/flaw/show/CNVD-2018-04293>
06/25/2018 20:38:09 PM - INFO - 正在爬取详情页<http://www.cnvd.org.cn/flaw/show/CNVD-2018-04381>
06/25/2018 20:38:09 PM - INFO - 正在爬取详情页<http://www.cnvd.org.cn/flaw/show/CNVD-2018-04378>
06/25/2018 20:38:09 PM - INFO - 正在爬取详情页<http://www.cnvd.org.cn/flaw/show/CNVD-2018-04379>
06/25/2018 20:38:09 PM - INFO - 正在爬取详情页<http://www.cnvd.org.cn/flaw/show/CNVD-2018-04380>
06/25/2018 20:38:09 PM - INFO - 正在爬取详情页<http://www.cnvd.org.cn/flaw/show/CNVD-2018-04377>
06/25/2018 20:38:09 PM - INFO - 正在爬取详情页<http://www.cnvd.org.cn/flaw/show/CNVD-2018-04376>
06/25/2018 20:38:09 PM - INFO - 正在爬取详情页<http://www.cnvd.org.cn/flaw/show/CNVD-2018-04375>
06/25/2018 20:38:09 PM - INFO - 正在爬取详情页<http://www.cnvd.org.cn/flaw/show/CNVD-2018-04302>
06/25/2018 20:38:09 PM - INFO - 正在爬取详情页<http://www.cnvd.org.cn/flaw/show/CNVD-2018-04374>
06/25/2018 20:38:09 PM - INFO - 正在爬取详情页<http://www.cnvd.org.cn/flaw/show/CNVD-2018-04373>
06/25/2018 20:38:09 PM - INFO - 正在爬取详情页<http://www.cnvd.org.cn/flaw/show/CNVD-2018-04372>
06/25/2018 20:38:09 PM - INFO - 正在爬取详情页<http://www.cnvd.org.cn/flaw/show/CNVD-2018-04371>
06/25/2018 20:38:09 PM - INFO - 正在爬取详情页<http://www.cnvd.org.cn/flaw/show/CNVD-2018-04370>
06/25/2018 20:38:09 PM - INFO - 正在爬取详情页<http://www.cnvd.org.cn/flaw/show/CNVD-2018-04286>
06/25/2018 20:38:09 PM - INFO - 正在爬取详情页<http://www.cnvd.org.cn/flaw/show/CNVD-2018-04287>
06/25/2018 20:38:09 PM - INFO - 正在爬取详情页<http://www.cnvd.org.cn/flaw/show/CNVD-2018-04288>
06/25/2018 20:38:09 PM - INFO - 正在爬取详情页<http://www.cnvd.org.cn/flaw/show/CNVD-2018-04303>
06/25/2018 20:38:09 PM - INFO - 正在爬取详情页<http://www.cnvd.org.cn/flaw/show/CNVD-2018-07093>
06/25/2018 20:38:09 PM - INFO - 正在爬取详情页<http://www.cnvd.org.cn/flaw/show/CNVD-2018-07056>
06/25/2018 20:38:15 PM - INFO - 正在爬取列表页第<32>页
06/25/2018 20:38:15 PM - INFO - 正在爬取详情页<http://www.cnvd.org.cn/flaw/show/CNVD-2018-07058>
06/25/2018 20:38:15 PM - INFO - 正在爬取详情页<http://www.cnvd.org.cn/flaw/show/CNVD-2018-07059>
06/25/2018 20:38:15 PM - INFO - 正在爬取详情页<http://www.cnvd.org.cn/flaw/show/CNVD-2018-06887>
06/25/2018 20:38:15 PM - INFO - 正在爬取详情页<http://www.cnvd.org.cn/flaw/show/CNVD-2018-06859>
06/25/2018 20:38:15 PM - INFO - 正在爬取详情页<http://www.cnvd.org.cn/flaw/show/CNVD-2018-06876>
06/25/2018 20:38:15 PM - INFO - 正在爬取详情页<http://www.cnvd.org.cn/flaw/show/CNVD-2018-06862>
06/25/2018 20:38:15 PM - INFO - 正在爬取详情页<http://www.cnvd.org.cn/flaw/show/CNVD-2018-06866>
06/25/2018 20:38:15 PM - INFO - 正在爬取详情页<http://www.cnvd.org.cn/flaw/show/CNVD-2018-06865>
06/25/2018 20:38:15 PM - INFO - 正在爬取详情页<http://www.cnvd.org.cn/flaw/show/CNVD-2018-06806>
06/25/2018 20:38:15 PM - INFO - 正在爬取详情页<http://www.cnvd.org.cn/flaw/show/CNVD-2018-06804>
06/25/2018 20:38:15 PM - INFO - 正在爬取详情页<http://www.cnvd.org.cn/flaw/show/CNVD-2018-06813>
06/25/2018 20:38:15 PM - INFO - 正在爬取详情页<http://www.cnvd.org.cn/flaw/show/CNVD-2018-06812>
06/25/2018 20:38:15 PM - INFO - 正在爬取详情页<http://www.cnvd.org.cn/flaw/show/CNVD-2018-06807>
06/25/2018 20:38:15 PM - INFO - 正在爬取详情页<http://www.cnvd.org.cn/flaw/show/CNVD-2018-06808>
06/25/2018 20:38:15 PM - INFO - 正在爬取详情页<http://www.cnvd.org.cn/flaw/show/CNVD-2018-06809>
06/25/2018 20:38:15 PM - INFO - 正在爬取详情页<http://www.cnvd.org.cn/flaw/show/CNVD-2018-06780>
06/25/2018 20:38:15 PM - INFO - 正在爬取详情页<http://www.cnvd.org.cn/flaw/show/CNVD-2018-06781>
06/25/2018 20:38:15 PM - INFO - 正在爬取详情页<http://www.cnvd.org.cn/flaw/show/CNVD-2018-06784>
06/25/2018 20:38:15 PM - INFO - 正在爬取详情页<http://www.cnvd.org.cn/flaw/show/CNVD-2018-06791>
06/25/2018 20:38:15 PM - INFO - 正在爬取详情页<http://www.cnvd.org.cn/flaw/show/CNVD-2018-06660>
06/25/2018 20:38:16 PM - INFO - 正在爬取列表页第<33>页
06/25/2018 20:38:17 PM - INFO - 正在爬取详情页<http://www.cnvd.org.cn/flaw/show/CNVD-2018-06690>
06/25/2018 20:38:17 PM - INFO - 正在爬取详情页<http://www.cnvd.org.cn/flaw/show/CNVD-2018-06669>
06/25/2018 20:38:17 PM - INFO - 正在爬取详情页<http://www.cnvd.org.cn/flaw/show/CNVD-2018-04289>
06/25/2018 20:38:17 PM - INFO - 正在爬取详情页<http://www.cnvd.org.cn/flaw/show/CNVD-2018-04290>
06/25/2018 20:38:17 PM - INFO - 正在爬取详情页<http://www.cnvd.org.cn/flaw/show/CNVD-2018-06527>
06/25/2018 20:38:17 PM - INFO - 正在爬取详情页<http://www.cnvd.org.cn/flaw/show/CNVD-2018-06524>
06/25/2018 20:38:17 PM - INFO - 正在爬取详情页<http://www.cnvd.org.cn/flaw/show/CNVD-2018-06554>
06/25/2018 20:38:17 PM - INFO - 正在爬取详情页<http://www.cnvd.org.cn/flaw/show/CNVD-2018-06555>
06/25/2018 20:38:17 PM - INFO - 正在爬取详情页<http://www.cnvd.org.cn/flaw/show/CNVD-2018-06553>
06/25/2018 20:38:17 PM - INFO - 正在爬取详情页<http://www.cnvd.org.cn/flaw/show/CNVD-2018-06599>
06/25/2018 20:38:17 PM - INFO - 正在爬取详情页<http://www.cnvd.org.cn/flaw/show/CNVD-2018-03948>
06/25/2018 20:38:17 PM - INFO - 正在爬取详情页<http://www.cnvd.org.cn/flaw/show/CNVD-2018-06444>
06/25/2018 20:38:17 PM - INFO - 正在爬取详情页<http://www.cnvd.org.cn/flaw/show/CNVD-2018-06458>
06/25/2018 20:38:17 PM - INFO - 正在爬取详情页<http://www.cnvd.org.cn/flaw/show/CNVD-2018-06397>
06/25/2018 20:38:17 PM - INFO - 正在爬取详情页<http://www.cnvd.org.cn/flaw/show/CNVD-2018-06398>
06/25/2018 20:38:17 PM - INFO - 正在爬取详情页<http://www.cnvd.org.cn/flaw/show/CNVD-2018-06392>
06/25/2018 20:38:17 PM - INFO - 正在爬取详情页<http://www.cnvd.org.cn/flaw/show/CNVD-2018-06391>
06/25/2018 20:38:17 PM - INFO - 正在爬取详情页<http://www.cnvd.org.cn/flaw/show/CNVD-2018-06468>
06/25/2018 20:38:17 PM - INFO - 正在爬取详情页<http://www.cnvd.org.cn/flaw/show/CNVD-2018-06376>
06/25/2018 20:38:17 PM - INFO - 正在爬取详情页<http://www.cnvd.org.cn/flaw/show/CNVD-2018-06475>
06/25/2018 20:38:22 PM - INFO - 正在爬取列表页第<34>页
06/25/2018 20:38:22 PM - INFO - 正在爬取详情页<http://www.cnvd.org.cn/flaw/show/CNVD-2018-06514>
06/25/2018 20:38:22 PM - INFO - 正在爬取详情页<http://www.cnvd.org.cn/flaw/show/CNVD-2018-06422>
06/25/2018 20:38:23 PM - INFO - 正在爬取详情页<http://www.cnvd.org.cn/flaw/show/CNVD-2018-06424>
06/25/2018 20:38:23 PM - INFO - 正在爬取详情页<http://www.cnvd.org.cn/flaw/show/CNVD-2018-06430>
06/25/2018 20:38:23 PM - INFO - 正在爬取详情页<http://www.cnvd.org.cn/flaw/show/CNVD-2018-06418>
06/25/2018 20:38:23 PM - INFO - 正在爬取详情页<http://www.cnvd.org.cn/flaw/show/CNVD-2018-06416>
06/25/2018 20:38:23 PM - INFO - 正在爬取详情页<http://www.cnvd.org.cn/flaw/show/CNVD-2018-03945>
06/25/2018 20:38:23 PM - INFO - 正在爬取详情页<http://www.cnvd.org.cn/flaw/show/CNVD-2018-03944>
06/25/2018 20:38:23 PM - INFO - 正在爬取详情页<http://www.cnvd.org.cn/flaw/show/CNVD-2018-06239>
06/25/2018 20:38:23 PM - INFO - 正在爬取详情页<http://www.cnvd.org.cn/flaw/show/CNVD-2018-06236>
06/25/2018 20:38:23 PM - INFO - 正在爬取详情页<http://www.cnvd.org.cn/flaw/show/CNVD-2018-06240>
06/25/2018 20:38:23 PM - INFO - 正在爬取详情页<http://www.cnvd.org.cn/flaw/show/CNVD-2018-06245>
06/25/2018 20:38:23 PM - INFO - 正在爬取详情页<http://www.cnvd.org.cn/flaw/show/CNVD-2018-06242>
06/25/2018 20:38:23 PM - INFO - 正在爬取详情页<http://www.cnvd.org.cn/flaw/show/CNVD-2018-06253>
06/25/2018 20:38:23 PM - INFO - 正在爬取详情页<http://www.cnvd.org.cn/flaw/show/CNVD-2018-06374>
06/25/2018 20:38:23 PM - INFO - 正在爬取详情页<http://www.cnvd.org.cn/flaw/show/CNVD-2018-06329>
06/25/2018 20:38:23 PM - INFO - 正在爬取详情页<http://www.cnvd.org.cn/flaw/show/CNVD-2018-06366>
06/25/2018 20:38:23 PM - INFO - 正在爬取详情页<http://www.cnvd.org.cn/flaw/show/CNVD-2018-06365>
06/25/2018 20:38:23 PM - INFO - 正在爬取详情页<http://www.cnvd.org.cn/flaw/show/CNVD-2018-06302>
06/25/2018 20:38:23 PM - INFO - 正在爬取详情页<http://www.cnvd.org.cn/flaw/show/CNVD-2018-06304>
06/25/2018 20:38:28 PM - INFO - 正在爬取列表页第<35>页
06/25/2018 20:38:28 PM - INFO - 正在爬取详情页<http://www.cnvd.org.cn/flaw/show/CNVD-2018-06305>
06/25/2018 20:38:28 PM - INFO - 正在爬取详情页<http://www.cnvd.org.cn/flaw/show/CNVD-2018-03848>
06/25/2018 20:38:28 PM - INFO - 正在爬取详情页<http://www.cnvd.org.cn/flaw/show/CNVD-2018-03943>
06/25/2018 20:38:28 PM - INFO - 正在爬取详情页<http://www.cnvd.org.cn/flaw/show/CNVD-2018-03849>
06/25/2018 20:38:28 PM - INFO - 正在爬取详情页<http://www.cnvd.org.cn/flaw/show/CNVD-2018-03749>
06/25/2018 20:38:28 PM - INFO - 正在爬取详情页<http://www.cnvd.org.cn/flaw/show/CNVD-2018-03750>
06/25/2018 20:38:28 PM - INFO - 正在爬取详情页<http://www.cnvd.org.cn/flaw/show/CNVD-2018-03751>
06/25/2018 20:38:28 PM - INFO - 正在爬取详情页<http://www.cnvd.org.cn/flaw/show/CNVD-2018-03864>
06/25/2018 20:38:28 PM - INFO - 正在爬取详情页<http://www.cnvd.org.cn/flaw/show/CNVD-2018-03863>
06/25/2018 20:38:28 PM - INFO - 正在爬取详情页<http://www.cnvd.org.cn/flaw/show/CNVD-2018-03752>
06/25/2018 20:38:28 PM - INFO - 正在爬取详情页<http://www.cnvd.org.cn/flaw/show/CNVD-2018-03862>
06/25/2018 20:38:28 PM - INFO - 正在爬取详情页<http://www.cnvd.org.cn/flaw/show/CNVD-2018-03743>
06/25/2018 20:38:28 PM - INFO - 正在爬取详情页<http://www.cnvd.org.cn/flaw/show/CNVD-2018-03744>
06/25/2018 20:38:28 PM - INFO - 正在爬取详情页<http://www.cnvd.org.cn/flaw/show/CNVD-2018-03745>
06/25/2018 20:38:28 PM - INFO - 正在爬取详情页<http://www.cnvd.org.cn/flaw/show/CNVD-2018-03672>
06/25/2018 20:38:28 PM - INFO - 正在爬取详情页<http://www.cnvd.org.cn/flaw/show/CNVD-2018-03673>
06/25/2018 20:38:28 PM - INFO - 正在爬取详情页<http://www.cnvd.org.cn/flaw/show/CNVD-2018-06132>
06/25/2018 20:38:28 PM - INFO - 正在爬取详情页<http://www.cnvd.org.cn/flaw/show/CNVD-2018-06134>
06/25/2018 20:38:28 PM - INFO - 正在爬取详情页<http://www.cnvd.org.cn/flaw/show/CNVD-2018-06135>
06/25/2018 20:38:28 PM - INFO - 正在爬取详情页<http://www.cnvd.org.cn/flaw/show/CNVD-2018-06091>
06/25/2018 20:38:30 PM - INFO - 正在爬取列表页第<36>页
06/25/2018 20:38:30 PM - INFO - 正在爬取详情页<http://www.cnvd.org.cn/flaw/show/CNVD-2018-06168>
06/25/2018 20:38:30 PM - INFO - 正在爬取详情页<http://www.cnvd.org.cn/flaw/show/CNVD-2018-06166>
06/25/2018 20:38:30 PM - INFO - 正在爬取详情页<http://www.cnvd.org.cn/flaw/show/CNVD-2018-03674>
06/25/2018 20:38:30 PM - INFO - 正在爬取详情页<http://www.cnvd.org.cn/flaw/show/CNVD-2018-03859>
06/25/2018 20:38:30 PM - INFO - 正在爬取详情页<http://www.cnvd.org.cn/flaw/show/CNVD-2018-03665>
06/25/2018 20:38:30 PM - INFO - 正在爬取详情页<http://www.cnvd.org.cn/flaw/show/CNVD-2018-03664>
06/25/2018 20:38:30 PM - INFO - 正在爬取详情页<http://www.cnvd.org.cn/flaw/show/CNVD-2018-03663>
06/25/2018 20:38:30 PM - INFO - 正在爬取详情页<http://www.cnvd.org.cn/flaw/show/CNVD-2018-05963>
06/25/2018 20:38:30 PM - INFO - 正在爬取详情页<http://www.cnvd.org.cn/flaw/show/CNVD-2018-05954>
06/25/2018 20:38:30 PM - INFO - 正在爬取详情页<http://www.cnvd.org.cn/flaw/show/CNVD-2018-06031>
06/25/2018 20:38:30 PM - INFO - 正在爬取详情页<http://www.cnvd.org.cn/flaw/show/CNVD-2018-06064>
06/25/2018 20:38:30 PM - INFO - 正在爬取详情页<http://www.cnvd.org.cn/flaw/show/CNVD-2018-06062>
06/25/2018 20:38:30 PM - INFO - 正在爬取详情页<http://www.cnvd.org.cn/flaw/show/CNVD-2018-05977>
06/25/2018 20:38:30 PM - INFO - 正在爬取详情页<http://www.cnvd.org.cn/flaw/show/CNVD-2018-05951>
06/25/2018 20:38:30 PM - INFO - 正在爬取详情页<http://www.cnvd.org.cn/flaw/show/CNVD-2018-05950>
06/25/2018 20:38:30 PM - INFO - 正在爬取详情页<http://www.cnvd.org.cn/flaw/show/CNVD-2018-05945>
06/25/2018 20:38:30 PM - INFO - 正在爬取详情页<http://www.cnvd.org.cn/flaw/show/CNVD-2018-03660>
06/25/2018 20:38:30 PM - INFO - 正在爬取详情页<http://www.cnvd.org.cn/flaw/show/CNVD-2018-03658>
06/25/2018 20:38:30 PM - INFO - 正在爬取详情页<http://www.cnvd.org.cn/flaw/show/CNVD-2018-03657>
06/25/2018 20:38:30 PM - INFO - 正在爬取详情页<http://www.cnvd.org.cn/flaw/show/CNVD-2018-05902>
06/25/2018 20:38:31 PM - INFO - 正在爬取列表页第<37>页
06/25/2018 20:38:32 PM - INFO - 正在爬取详情页<http://www.cnvd.org.cn/flaw/show/CNVD-2018-05863>
06/25/2018 20:38:32 PM - INFO - 正在爬取详情页<http://www.cnvd.org.cn/flaw/show/CNVD-2018-05942>
06/25/2018 20:38:32 PM - INFO - 正在爬取详情页<http://www.cnvd.org.cn/flaw/show/CNVD-2018-05941>
06/25/2018 20:38:32 PM - INFO - 正在爬取详情页<http://www.cnvd.org.cn/flaw/show/CNVD-2018-05877>
06/25/2018 20:38:32 PM - INFO - 正在爬取详情页<http://www.cnvd.org.cn/flaw/show/CNVD-2018-05876>
06/25/2018 20:38:32 PM - INFO - 正在爬取详情页<http://www.cnvd.org.cn/flaw/show/CNVD-2018-05875>
06/25/2018 20:38:32 PM - INFO - 正在爬取详情页<http://www.cnvd.org.cn/flaw/show/CNVD-2018-05873>
06/25/2018 20:38:32 PM - INFO - 正在爬取详情页<http://www.cnvd.org.cn/flaw/show/CNVD-2018-05821>
06/25/2018 20:38:32 PM - INFO - 正在爬取详情页<http://www.cnvd.org.cn/flaw/show/CNVD-2018-05819>
06/25/2018 20:38:32 PM - INFO - 正在爬取详情页<http://www.cnvd.org.cn/flaw/show/CNVD-2018-03486>
06/25/2018 20:38:32 PM - INFO - 正在爬取详情页<http://www.cnvd.org.cn/flaw/show/CNVD-2018-05760>
06/25/2018 20:38:32 PM - INFO - 正在爬取详情页<http://www.cnvd.org.cn/flaw/show/CNVD-2018-05761>
06/25/2018 20:38:32 PM - INFO - 正在爬取详情页<http://www.cnvd.org.cn/flaw/show/CNVD-2018-05762>
06/25/2018 20:38:32 PM - INFO - 正在爬取详情页<http://www.cnvd.org.cn/flaw/show/CNVD-2018-05764>
06/25/2018 20:38:32 PM - INFO - 正在爬取详情页<http://www.cnvd.org.cn/flaw/show/CNVD-2018-05752>
06/25/2018 20:38:32 PM - INFO - 正在爬取详情页<http://www.cnvd.org.cn/flaw/show/CNVD-2018-05822>
06/25/2018 20:38:32 PM - INFO - 正在爬取详情页<http://www.cnvd.org.cn/flaw/show/CNVD-2018-05791>
06/25/2018 20:38:32 PM - INFO - 正在爬取详情页<http://www.cnvd.org.cn/flaw/show/CNVD-2018-05797>
06/25/2018 20:38:32 PM - INFO - 正在爬取详情页<http://www.cnvd.org.cn/flaw/show/CNVD-2018-05796>
06/25/2018 20:38:32 PM - INFO - 正在爬取详情页<http://www.cnvd.org.cn/flaw/show/CNVD-2018-05679>
06/25/2018 20:38:33 PM - INFO - 正在爬取列表页第<38>页
06/25/2018 20:38:33 PM - INFO - 正在爬取详情页<http://www.cnvd.org.cn/flaw/show/CNVD-2018-05673>
06/25/2018 20:38:33 PM - INFO - 正在爬取详情页<http://www.cnvd.org.cn/flaw/show/CNVD-2018-05684>
06/25/2018 20:38:33 PM - INFO - 正在爬取详情页<http://www.cnvd.org.cn/flaw/show/CNVD-2018-05678>
06/25/2018 20:38:33 PM - INFO - 正在爬取详情页<http://www.cnvd.org.cn/flaw/show/CNVD-2018-05677>
06/25/2018 20:38:33 PM - INFO - 正在爬取详情页<http://www.cnvd.org.cn/flaw/show/CNVD-2018-05696>
06/25/2018 20:38:33 PM - INFO - 正在爬取详情页<http://www.cnvd.org.cn/flaw/show/CNVD-2018-05695>
06/25/2018 20:38:33 PM - INFO - 正在爬取详情页<http://www.cnvd.org.cn/flaw/show/CNVD-2018-05694>
06/25/2018 20:38:33 PM - INFO - 正在爬取详情页<http://www.cnvd.org.cn/flaw/show/CNVD-2018-05693>
06/25/2018 20:38:34 PM - INFO - 正在爬取详情页<http://www.cnvd.org.cn/flaw/show/CNVD-2018-05659>
06/25/2018 20:38:34 PM - INFO - 正在爬取详情页<http://www.cnvd.org.cn/flaw/show/CNVD-2018-05582>
06/25/2018 20:38:34 PM - INFO - 正在爬取详情页<http://www.cnvd.org.cn/flaw/show/CNVD-2018-05583>
06/25/2018 20:38:34 PM - INFO - 正在爬取详情页<http://www.cnvd.org.cn/flaw/show/CNVD-2018-02969>
06/25/2018 20:38:34 PM - INFO - 正在爬取详情页<http://www.cnvd.org.cn/flaw/show/CNVD-2018-02970>
06/25/2018 20:38:34 PM - INFO - 正在爬取详情页<http://www.cnvd.org.cn/flaw/show/CNVD-2018-03071>
06/25/2018 20:38:34 PM - INFO - 正在爬取详情页<http://www.cnvd.org.cn/flaw/show/CNVD-2018-02971>
06/25/2018 20:38:34 PM - INFO - 正在爬取详情页<http://www.cnvd.org.cn/flaw/show/CNVD-2018-02967>
06/25/2018 20:38:34 PM - INFO - 正在爬取详情页<http://www.cnvd.org.cn/flaw/show/CNVD-2018-02966>
06/25/2018 20:38:34 PM - INFO - 正在爬取详情页<http://www.cnvd.org.cn/flaw/show/CNVD-2018-02963>
06/25/2018 20:38:34 PM - INFO - 正在爬取详情页<http://www.cnvd.org.cn/flaw/show/CNVD-2018-02964>
06/25/2018 20:38:34 PM - INFO - 正在爬取详情页<http://www.cnvd.org.cn/flaw/show/CNVD-2018-05488>
06/25/2018 20:38:35 PM - INFO - 正在爬取列表页第<39>页
06/25/2018 20:38:35 PM - INFO - 正在爬取详情页<http://www.cnvd.org.cn/flaw/show/CNVD-2018-05506>
06/25/2018 20:38:35 PM - INFO - 正在爬取详情页<http://www.cnvd.org.cn/flaw/show/CNVD-2018-05501>
06/25/2018 20:38:35 PM - INFO - 正在爬取详情页<http://www.cnvd.org.cn/flaw/show/CNVD-2018-05520>
06/25/2018 20:38:35 PM - INFO - 正在爬取详情页<http://www.cnvd.org.cn/flaw/show/CNVD-2018-05515>
06/25/2018 20:38:35 PM - INFO - 正在爬取详情页<http://www.cnvd.org.cn/flaw/show/CNVD-2018-05492>
06/25/2018 20:38:35 PM - INFO - 正在爬取详情页<http://www.cnvd.org.cn/flaw/show/CNVD-2018-05439>
06/25/2018 20:38:35 PM - INFO - 正在爬取详情页<http://www.cnvd.org.cn/flaw/show/CNVD-2018-05476>
06/25/2018 20:38:35 PM - INFO - 正在爬取详情页<http://www.cnvd.org.cn/flaw/show/CNVD-2018-02910>
06/25/2018 20:38:35 PM - INFO - 正在爬取详情页<http://www.cnvd.org.cn/flaw/show/CNVD-2018-02972>
06/25/2018 20:38:35 PM - INFO - 正在爬取详情页<http://www.cnvd.org.cn/flaw/show/CNVD-2018-03067>
06/25/2018 20:38:35 PM - INFO - 正在爬取详情页<http://www.cnvd.org.cn/flaw/show/CNVD-2018-02907>
06/25/2018 20:38:35 PM - INFO - 正在爬取详情页<http://www.cnvd.org.cn/flaw/show/CNVD-2018-02823>
06/25/2018 20:38:35 PM - INFO - 正在爬取详情页<http://www.cnvd.org.cn/flaw/show/CNVD-2018-02824>
06/25/2018 20:38:35 PM - INFO - 正在爬取详情页<http://www.cnvd.org.cn/flaw/show/CNVD-2018-05361>
06/25/2018 20:38:35 PM - INFO - 正在爬取详情页<http://www.cnvd.org.cn/flaw/show/CNVD-2018-05360>
06/25/2018 20:38:35 PM - INFO - 正在爬取详情页<http://www.cnvd.org.cn/flaw/show/CNVD-2018-05367>
06/25/2018 20:38:35 PM - INFO - 正在爬取详情页<http://www.cnvd.org.cn/flaw/show/CNVD-2018-05359>
06/25/2018 20:38:35 PM - INFO - 正在爬取详情页<http://www.cnvd.org.cn/flaw/show/CNVD-2018-05366>
06/25/2018 20:38:35 PM - INFO - 正在爬取详情页<http://www.cnvd.org.cn/flaw/show/CNVD-2018-05424>
06/25/2018 20:38:35 PM - INFO - 正在爬取详情页<http://www.cnvd.org.cn/flaw/show/CNVD-2018-05423>
06/25/2018 20:38:42 PM - INFO - 正在爬取列表页第<40>页
06/25/2018 20:38:42 PM - INFO - 正在爬取详情页<http://www.cnvd.org.cn/flaw/show/CNVD-2018-02783>
06/25/2018 20:38:42 PM - INFO - 正在爬取详情页<http://www.cnvd.org.cn/flaw/show/CNVD-2018-02784>
06/25/2018 20:38:42 PM - INFO - 正在爬取详情页<http://www.cnvd.org.cn/flaw/show/CNVD-2018-02785>
06/25/2018 20:38:42 PM - INFO - 正在爬取详情页<http://www.cnvd.org.cn/flaw/show/CNVD-2018-02902>
06/25/2018 20:38:42 PM - INFO - 正在爬取详情页<http://www.cnvd.org.cn/flaw/show/CNVD-2018-02903>
06/25/2018 20:38:42 PM - INFO - 正在爬取详情页<http://www.cnvd.org.cn/flaw/show/CNVD-2018-02789>
06/25/2018 20:38:42 PM - INFO - 正在爬取详情页<http://www.cnvd.org.cn/flaw/show/CNVD-2018-02900>
06/25/2018 20:38:42 PM - INFO - 正在爬取详情页<http://www.cnvd.org.cn/flaw/show/CNVD-2018-02899>
06/25/2018 20:38:42 PM - INFO - 正在爬取详情页<http://www.cnvd.org.cn/flaw/show/CNVD-2018-02790>
06/25/2018 20:38:42 PM - INFO - 正在爬取详情页<http://www.cnvd.org.cn/flaw/show/CNVD-2018-02827>
06/25/2018 20:38:42 PM - INFO - 正在爬取详情页<http://www.cnvd.org.cn/flaw/show/CNVD-2018-02786>
06/25/2018 20:38:42 PM - INFO - 正在爬取详情页<http://www.cnvd.org.cn/flaw/show/CNVD-2018-02787>
06/25/2018 20:38:42 PM - INFO - 正在爬取详情页<http://www.cnvd.org.cn/flaw/show/CNVD-2018-02826>
06/25/2018 20:38:42 PM - INFO - 正在爬取详情页<http://www.cnvd.org.cn/flaw/show/CNVD-2018-02788>
06/25/2018 20:38:42 PM - INFO - 正在爬取详情页<http://www.cnvd.org.cn/flaw/show/CNVD-2018-02791>
06/25/2018 20:38:42 PM - INFO - 正在爬取详情页<http://www.cnvd.org.cn/flaw/show/CNVD-2018-02825>
06/25/2018 20:38:42 PM - INFO - 正在爬取详情页<http://www.cnvd.org.cn/flaw/show/CNVD-2018-05198>
06/25/2018 20:38:42 PM - INFO - 正在爬取详情页<http://www.cnvd.org.cn/flaw/show/CNVD-2018-05185>
06/25/2018 20:38:42 PM - INFO - 正在爬取详情页<http://www.cnvd.org.cn/flaw/show/CNVD-2018-05186>
06/25/2018 20:38:42 PM - INFO - 正在爬取详情页<http://www.cnvd.org.cn/flaw/show/CNVD-2018-05187>
06/25/2018 20:38:48 PM - INFO - 正在爬取列表页第<41>页
06/25/2018 20:38:48 PM - INFO - 正在爬取详情页<http://www.cnvd.org.cn/flaw/show/CNVD-2018-05177>
06/25/2018 20:38:48 PM - INFO - 正在爬取详情页<http://www.cnvd.org.cn/flaw/show/CNVD-2018-05173>
06/25/2018 20:38:48 PM - INFO - 正在爬取详情页<http://www.cnvd.org.cn/flaw/show/CNVD-2018-05172>
06/25/2018 20:38:48 PM - INFO - 正在爬取详情页<http://www.cnvd.org.cn/flaw/show/CNVD-2018-02696>
06/25/2018 20:38:48 PM - INFO - 正在爬取详情页<http://www.cnvd.org.cn/flaw/show/CNVD-2018-02777>
06/25/2018 20:38:48 PM - INFO - 正在爬取详情页<http://www.cnvd.org.cn/flaw/show/CNVD-2018-02778>
06/25/2018 20:38:48 PM - INFO - 正在爬取详情页<http://www.cnvd.org.cn/flaw/show/CNVD-2018-02781>
06/25/2018 20:38:48 PM - INFO - 正在爬取详情页<http://www.cnvd.org.cn/flaw/show/CNVD-2018-05074>
06/25/2018 20:38:48 PM - INFO - 正在爬取详情页<http://www.cnvd.org.cn/flaw/show/CNVD-2018-05067>
06/25/2018 20:38:48 PM - INFO - 正在爬取详情页<http://www.cnvd.org.cn/flaw/show/CNVD-2018-02519>
06/25/2018 20:38:48 PM - INFO - 正在爬取详情页<http://www.cnvd.org.cn/flaw/show/CNVD-2018-02520>
06/25/2018 20:38:48 PM - INFO - 正在爬取详情页<http://www.cnvd.org.cn/flaw/show/CNVD-2018-02521>
06/25/2018 20:38:48 PM - INFO - 正在爬取详情页<http://www.cnvd.org.cn/flaw/show/CNVD-2018-02775>
06/25/2018 20:38:48 PM - INFO - 正在爬取详情页<http://www.cnvd.org.cn/flaw/show/CNVD-2018-02776>
06/25/2018 20:38:48 PM - INFO - 正在爬取详情页<http://www.cnvd.org.cn/flaw/show/CNVD-2018-02773>
06/25/2018 20:38:48 PM - INFO - 正在爬取详情页<http://www.cnvd.org.cn/flaw/show/CNVD-2018-04871>
06/25/2018 20:38:48 PM - INFO - 正在爬取详情页<http://www.cnvd.org.cn/flaw/show/CNVD-2018-04870>
06/25/2018 20:38:48 PM - INFO - 正在爬取详情页<http://www.cnvd.org.cn/flaw/show/CNVD-2018-04868>
06/25/2018 20:38:48 PM - INFO - 正在爬取详情页<http://www.cnvd.org.cn/flaw/show/CNVD-2018-04858>
06/25/2018 20:38:48 PM - INFO - 正在爬取详情页<http://www.cnvd.org.cn/flaw/show/CNVD-2018-02420>
06/25/2018 20:38:54 PM - INFO - 正在爬取列表页第<42>页
06/25/2018 20:38:54 PM - INFO - 正在爬取详情页<http://www.cnvd.org.cn/flaw/show/CNVD-2018-02421>
06/25/2018 20:38:54 PM - INFO - 正在爬取详情页<http://www.cnvd.org.cn/flaw/show/CNVD-2018-02422>
06/25/2018 20:38:54 PM - INFO - 正在爬取详情页<http://www.cnvd.org.cn/flaw/show/CNVD-2018-02423>
06/25/2018 20:38:54 PM - INFO - 正在爬取详情页<http://www.cnvd.org.cn/flaw/show/CNVD-2018-02424>
06/25/2018 20:38:54 PM - INFO - 正在爬取详情页<http://www.cnvd.org.cn/flaw/show/CNVD-2018-02516>
06/25/2018 20:38:54 PM - INFO - 正在爬取详情页<http://www.cnvd.org.cn/flaw/show/CNVD-2018-02396>
06/25/2018 20:38:54 PM - INFO - 正在爬取详情页<http://www.cnvd.org.cn/flaw/show/CNVD-2018-02397>
06/25/2018 20:38:54 PM - INFO - 正在爬取详情页<http://www.cnvd.org.cn/flaw/show/CNVD-2018-02774>
06/25/2018 20:38:54 PM - INFO - 正在爬取详情页<http://www.cnvd.org.cn/flaw/show/CNVD-2018-02514>
06/25/2018 20:38:54 PM - INFO - 正在爬取详情页<http://www.cnvd.org.cn/flaw/show/CNVD-2018-02398>
06/25/2018 20:38:54 PM - INFO - 正在爬取详情页<http://www.cnvd.org.cn/flaw/show/CNVD-2018-02410>
06/25/2018 20:38:54 PM - INFO - 正在爬取详情页<http://www.cnvd.org.cn/flaw/show/CNVD-2018-02407>
06/25/2018 20:38:54 PM - INFO - 正在爬取详情页<http://www.cnvd.org.cn/flaw/show/CNVD-2018-02399>
06/25/2018 20:38:54 PM - INFO - 正在爬取详情页<http://www.cnvd.org.cn/flaw/show/CNVD-2018-04746>
06/25/2018 20:38:54 PM - INFO - 正在爬取详情页<http://www.cnvd.org.cn/flaw/show/CNVD-2018-04771>
06/25/2018 20:38:54 PM - INFO - 正在爬取详情页<http://www.cnvd.org.cn/flaw/show/CNVD-2018-04770>
06/25/2018 20:38:54 PM - INFO - 正在爬取详情页<http://www.cnvd.org.cn/flaw/show/CNVD-2018-04734>
06/25/2018 20:38:54 PM - INFO - 正在爬取详情页<http://www.cnvd.org.cn/flaw/show/CNVD-2018-04729>
06/25/2018 20:38:54 PM - INFO - 正在爬取详情页<http://www.cnvd.org.cn/flaw/show/CNVD-2018-04728>
06/25/2018 20:38:54 PM - INFO - 正在爬取详情页<http://www.cnvd.org.cn/flaw/show/CNVD-2018-04777>
06/25/2018 20:39:00 PM - INFO - 正在爬取列表页第<43>页
06/25/2018 20:39:00 PM - INFO - 正在爬取详情页<http://www.cnvd.org.cn/flaw/show/CNVD-2018-04776>
06/25/2018 20:39:00 PM - INFO - 正在爬取详情页<http://www.cnvd.org.cn/flaw/show/CNVD-2018-04775>
06/25/2018 20:39:00 PM - INFO - 正在爬取详情页<http://www.cnvd.org.cn/flaw/show/CNVD-2018-04721>
06/25/2018 20:39:00 PM - INFO - 正在爬取详情页<http://www.cnvd.org.cn/flaw/show/CNVD-2018-02513>
06/25/2018 20:39:00 PM - INFO - 正在爬取详情页<http://www.cnvd.org.cn/flaw/show/CNVD-2018-02771>
06/25/2018 20:39:00 PM - INFO - 正在爬取详情页<http://www.cnvd.org.cn/flaw/show/CNVD-2018-02772>
06/25/2018 20:39:00 PM - INFO - 正在爬取详情页<http://www.cnvd.org.cn/flaw/show/CNVD-2018-02769>
06/25/2018 20:39:00 PM - INFO - 正在爬取详情页<http://www.cnvd.org.cn/flaw/show/CNVD-2018-02768>
06/25/2018 20:39:00 PM - INFO - 正在爬取详情页<http://www.cnvd.org.cn/flaw/show/CNVD-2018-02512>
06/25/2018 20:39:00 PM - INFO - 正在爬取详情页<http://www.cnvd.org.cn/flaw/show/CNVD-2018-02511>
06/25/2018 20:39:00 PM - INFO - 正在爬取详情页<http://www.cnvd.org.cn/flaw/show/CNVD-2018-04517>
06/25/2018 20:39:00 PM - INFO - 正在爬取详情页<http://www.cnvd.org.cn/flaw/show/CNVD-2018-04641>
06/25/2018 20:39:00 PM - INFO - 正在爬取详情页<http://www.cnvd.org.cn/flaw/show/CNVD-2018-04661>
06/25/2018 20:39:00 PM - INFO - 正在爬取详情页<http://www.cnvd.org.cn/flaw/show/CNVD-2018-02426>
06/25/2018 20:39:00 PM - INFO - 正在爬取详情页<http://www.cnvd.org.cn/flaw/show/CNVD-2018-02425>
06/25/2018 20:39:00 PM - INFO - 正在爬取详情页<http://www.cnvd.org.cn/flaw/show/CNVD-2018-02767>
06/25/2018 20:39:00 PM - INFO - 正在爬取详情页<http://www.cnvd.org.cn/flaw/show/CNVD-2018-02766>
06/25/2018 20:39:00 PM - INFO - 正在爬取详情页<http://www.cnvd.org.cn/flaw/show/CNVD-2018-02697>
06/25/2018 20:39:00 PM - INFO - 正在爬取详情页<http://www.cnvd.org.cn/flaw/show/CNVD-2018-02510>
06/25/2018 20:39:00 PM - INFO - 正在爬取详情页<http://www.cnvd.org.cn/flaw/show/CNVD-2018-02427>
